2024-01-19 10:22:16,485 - INFO - pega dados local - xmlcontador
2024-01-19 10:40:03,953 - INFO - pega dados local - xmlcontador
2024-01-19 10:42:22,942 - INFO - pega dados local - xmlcontador
2024-01-19 10:44:07,760 - INFO - pega dados local - xmlcontador
2024-01-19 10:47:34,861 - INFO - pega dados local - xmlcontador
2024-01-19 10:50:10,260 - INFO - pega dados local - xmlcontador
2024-01-19 10:51:22,468 - INFO - pega dados local - xmlcontador
2024-01-19 10:51:29,388 - INFO - Inicia select das notas - xmlcontador
2024-01-19 10:55:48,612 - INFO - pega dados local - xmlcontador
2024-01-19 10:55:49,111 - INFO - Inicia select das notas - xmlcontador
2024-01-19 10:55:51,216 - INFO - pega dados local - xmlcontador
2024-01-19 10:55:51,660 - INFO - Inicia select das notas - xmlcontador
2024-01-19 10:55:53,736 - INFO - pega dados local - xmlcontador
2024-01-19 10:55:54,251 - INFO - Inicia select das notas - xmlcontador
2024-01-19 10:55:56,342 - INFO - pega dados local - xmlcontador
2024-01-19 10:55:56,947 - INFO - Inicia select das notas - xmlcontador
2024-01-19 10:55:59,032 - INFO - pega dados local - xmlcontador
2024-01-19 10:56:41,173 - INFO - pega dados local - xmlcontador
2024-01-19 10:56:41,624 - INFO - Inicia select das notas - xmlcontador
2024-01-19 10:57:23,338 - INFO - pega dados local - xmlcontador
2024-01-19 10:57:23,830 - INFO - Inicia select das notas - xmlcontador
2024-01-19 10:58:26,547 - INFO - pega dados local - xmlcontador
2024-01-19 10:58:27,058 - INFO - Inicia select das notas - xmlcontador
2024-01-19 11:00:19,960 - INFO - Inicia select contador - xmlcontador
2024-01-19 11:01:26,128 - INFO - Inicia select MDFE- xmlcontador
2024-01-19 11:01:43,028 - INFO - Salvando nota MDFE - 51210819775656000104580010000001001849719569
2024-01-19 11:02:08,367 - INFO - Salvando nota MDFE - 51210819775656000104580010000001011195985815
2024-01-19 11:02:08,481 - INFO - Salvando nota MDFE - 51210819775656000104580010000001031001463189
2024-01-19 11:02:08,599 - INFO - Salvando nota MDFE - 51211219775656000104580010000001051846242122
2024-01-19 11:02:08,715 - INFO - Salvando nota MDFE - 51220419775656000104580010000001061052782248
2024-01-19 11:02:08,846 - INFO - Salvando nota MDFE - 51220819775656000104580010000001081913927171
2024-01-19 11:02:08,959 - INFO - Salvando nota MDFE - 51220819775656000104580010000001101978578820
2024-01-19 11:02:09,077 - INFO - Salvando nota MDFE - 51220819775656000104580010000001161721631900
2024-01-19 11:02:09,190 - INFO - Salvando nota MDFE - 51220819775656000104580010000001171639103684
2024-01-19 11:02:09,336 - INFO - Salvando nota MDFE - 51220819775656000104580010000001191269107022
2024-01-19 11:02:09,472 - INFO - Salvando nota MDFE - 51220819775656000104580010000001201357293619
2024-01-19 11:02:09,591 - INFO - Salvando nota MDFE - 51230619775656000104580010000001221390947362
2024-01-19 11:02:09,593 - INFO - Inicia select NFE- xmlcontador
2024-01-19 11:02:09,905 - INFO - Salvando nota NFE - 51210619775656000104550010000200001372857217
2024-01-19 11:02:10,026 - INFO - Salvando nota NFE - 51210619775656000104550010000200011676958142
2024-01-19 11:02:10,142 - INFO - Salvando nota NFE - 51210619775656000104550010000200021192747760
2024-01-19 11:02:10,254 - INFO - Salvando nota NFE - 51210619775656000104550010000200031289498770
2024-01-19 11:02:10,376 - INFO - Salvando nota NFE - 51210619775656000104550010000200041801565769
2024-01-19 11:02:10,500 - INFO - Salvando nota NFE - 51210619775656000104550010000200061217828105
2024-01-19 11:02:10,608 - INFO - Salvando nota NFE - None
2024-01-19 11:02:10,725 - INFO - Salvando nota NFE - 51210619775656000104550010000200081791796908
2024-01-19 11:02:10,839 - INFO - Salvando nota NFE - 51210619775656000104550010000200091498484474
2024-01-19 11:02:10,952 - INFO - Salvando nota NFE - None
2024-01-19 11:02:11,067 - INFO - Salvando nota NFE - 51210619775656000104550010000200111245999164
2024-01-19 11:02:11,193 - INFO - Salvando nota NFE - 51210719775656000104550010000200191827015568
2024-01-19 11:02:11,312 - INFO - Salvando nota NFE - 51210819775656000104550010000200231028237671
2024-01-19 11:02:11,426 - INFO - Salvando nota NFE - 51210819775656000104550010000200241635553344
2024-01-19 11:02:11,549 - INFO - Salvando nota NFE - 51210819775656000104550010000200251051486121
2024-01-19 11:02:11,670 - INFO - Salvando nota NFE - 51210819775656000104550010000200261718346960
2024-01-19 11:02:11,789 - INFO - Salvando nota NFE - 51210819775656000104550010000200271030454896
2024-01-19 11:02:11,917 - INFO - Salvando nota NFE - None
2024-01-19 11:02:12,033 - INFO - Salvando nota NFE - 51210619775656000104550010000200131266724134
2024-01-19 11:02:12,142 - INFO - Salvando nota NFE - None
2024-01-19 11:02:12,253 - INFO - Salvando nota NFE - 51210619775656000104550010000200151836626130
2024-01-19 11:02:12,400 - INFO - Salvando nota NFE - 51210619775656000104550010000200161113376964
2024-01-19 11:02:12,523 - INFO - Salvando nota NFE - 51210619775656000104550010000200171560681888
2024-01-19 11:02:12,649 - INFO - Salvando nota NFE - 51210619775656000104550010000200181593777849
2024-01-19 11:02:12,775 - INFO - Salvando nota NFE - 51210819775656000104550010000200281150678730
2024-01-19 11:02:12,889 - INFO - Salvando nota NFE - 51210819775656000104550010000200291689138074
2024-01-19 11:02:13,006 - INFO - Salvando nota NFE - 51210819775656000104550010000200301673457281
2024-01-19 11:02:13,126 - INFO - Salvando nota NFE - 51210819775656000104550010000200321459408920
2024-01-19 11:02:13,240 - INFO - Salvando nota NFE - 51210819775656000104550010000200331525811500
2024-01-19 11:02:13,355 - INFO - Salvando nota NFE - 51210719775656000104550010000200201009949461
2024-01-19 11:02:13,469 - INFO - Salvando nota NFE - 51210719775656000104550010000200211330840514
2024-01-19 11:02:13,591 - INFO - Salvando nota NFE - 51210719775656000104550010000200221878309807
2024-01-19 11:02:13,719 - INFO - Salvando nota NFE - 51210919775656000104550010000200341737217270
2024-01-19 11:02:13,833 - INFO - Salvando nota NFE - 51210919775656000104550010000200351090100298
2024-01-19 11:02:13,961 - INFO - Salvando nota NFE - 51210919775656000104550010000200361704080327
2024-01-19 11:02:14,079 - INFO - Salvando nota NFE - 51210919775656000104550010000200371514950190
2024-01-19 11:02:14,193 - INFO - Salvando nota NFE - 51210919775656000104550010000200441213268751
2024-01-19 11:02:14,315 - INFO - Salvando nota NFE - 51210919775656000104550010000200471185956468
2024-01-19 11:02:14,435 - INFO - Salvando nota NFE - 51230519775656000104550010000202041213339130
2024-01-19 11:02:14,566 - INFO - Salvando nota NFE - 51210919775656000104550010000200401535449062
2024-01-19 11:02:14,701 - INFO - Salvando nota NFE - 51210919775656000104550010000200421315050190
2024-01-19 11:02:14,861 - INFO - Salvando nota NFE - 51210919775656000104550010000200431299662421
2024-01-19 11:02:14,994 - INFO - Salvando nota NFE - 51210919775656000104550010000200481949915007
2024-01-19 11:02:15,114 - INFO - Salvando nota NFE - 51210919775656000104550010000200491479928393
2024-01-19 11:02:15,232 - INFO - Salvando nota NFE - 51210919775656000104550010000200501648808862
2024-01-19 11:02:15,365 - INFO - Salvando nota NFE - 51210919775656000104550010000200531468921921
2024-01-19 11:02:15,501 - INFO - Salvando nota NFE - 51210919775656000104550010000200541764465509
2024-01-19 11:02:15,619 - INFO - Salvando nota NFE - 51210919775656000104550010000200561818938790
2024-01-19 11:02:15,749 - INFO - Salvando nota NFE - 51210919775656000104550010000200571550655368
2024-01-19 11:02:15,865 - INFO - Salvando nota NFE - 51210919775656000104550010000200581496617200
2024-01-19 11:02:15,993 - INFO - Salvando nota NFE - 51211019775656000104550010000200591786297907
2024-01-19 11:02:16,109 - INFO - Salvando nota NFE - 51211019775656000104550010000200601527767509
2024-01-19 11:02:16,225 - INFO - Salvando nota NFE - 51210919775656000104550010000200511178512943
2024-01-19 11:02:16,344 - INFO - Salvando nota NFE - 51210919775656000104550010000200521220527599
2024-01-19 11:02:16,464 - INFO - Salvando nota NFE - 51211019775656000104550010000200641161299387
2024-01-19 11:02:16,611 - INFO - Salvando nota NFE - 51211019775656000104550010000200651507444115
2024-01-19 11:02:16,735 - INFO - Salvando nota NFE - 51211019775656000104550010000200681541934679
2024-01-19 11:02:16,863 - INFO - Salvando nota NFE - 51211019775656000104550010000200671932156855
2024-01-19 11:02:16,975 - INFO - Salvando nota NFE - 51211019775656000104550010000200691918518448
2024-01-19 11:02:17,097 - INFO - Salvando nota NFE - 51211019775656000104550010000200701205130517
2024-01-19 11:02:17,216 - INFO - Salvando nota NFE - 51211119775656000104550010000200711697138380
2024-01-19 11:02:17,335 - INFO - Salvando nota NFE - 51211219775656000104550010000200751364543240
2024-01-19 11:02:17,456 - INFO - Salvando nota NFE - 51211219775656000104550010000200771004019447
2024-01-19 11:02:17,577 - INFO - Salvando nota NFE - 51211219775656000104550010000200781882654246
2024-01-19 11:02:17,703 - INFO - Salvando nota NFE - 51211219775656000104550010000200761677645384
2024-01-19 11:02:17,822 - INFO - Salvando nota NFE - 51220119775656000104550010000200801370643230
2024-01-19 11:02:17,937 - INFO - Salvando nota NFE - 51211119775656000104550010000200721123723849
2024-01-19 11:02:18,057 - INFO - Salvando nota NFE - 51211119775656000104550010000200731346252398
2024-01-19 11:02:18,177 - INFO - Salvando nota NFE - 51220119775656000104550010000200831446648299
2024-01-19 11:02:18,299 - INFO - Salvando nota NFE - 51220119775656000104550010000200851745355115
2024-01-19 11:02:18,414 - INFO - Salvando nota NFE - 51220119775656000104550010000200841966877575
2024-01-19 11:02:18,538 - INFO - Salvando nota NFE - 51220319775656000104550010000200941546344624
2024-01-19 11:02:18,655 - INFO - Salvando nota NFE - 51220419775656000104550010000200951318600732
2024-01-19 11:02:18,775 - INFO - Salvando nota NFE - 51220419775656000104550010000200961397309278
2024-01-19 11:02:18,893 - INFO - Salvando nota NFE - 51220519775656000104550010000200971289273749
2024-01-19 11:02:19,033 - INFO - Salvando nota NFE - 51220519775656000104550010000200981235413159
2024-01-19 11:02:19,149 - INFO - Salvando nota NFE - 51220519775656000104550010000200991737558789
2024-01-19 11:02:19,270 - INFO - Salvando nota NFE - 51220519775656000104550010000201001773217115
2024-01-19 11:02:19,407 - INFO - Salvando nota NFE - 51220519775656000104550010000201021088283404
2024-01-19 11:02:19,535 - INFO - Salvando nota NFE - 51220519775656000104550010000201031196001616
2024-01-19 11:02:19,658 - INFO - Salvando nota NFE - 51220619775656000104550010000201221416426261
2024-01-19 11:02:19,773 - INFO - Salvando nota NFE - 51220619775656000104550010000201241505715700
2024-01-19 11:02:19,897 - INFO - Salvando nota NFE - 51220619775656000104550010000201271044450758
2024-01-19 11:02:20,013 - INFO - Salvando nota NFE - 51220519775656000104550010000201041228525361
2024-01-19 11:02:20,131 - INFO - Salvando nota NFE - 51220519775656000104550010000201051003130928
2024-01-19 11:02:20,253 - INFO - Salvando nota NFE - 51220519775656000104550010000201071959601277
2024-01-19 11:02:20,370 - INFO - Salvando nota NFE - 51220519775656000104550010000201111754865054
2024-01-19 11:02:20,491 - INFO - Salvando nota NFE - 51220519775656000104550010000201121315126521
2024-01-19 11:02:20,612 - INFO - Salvando nota NFE - 51220519775656000104550010000201131448885609
2024-01-19 11:02:20,746 - INFO - Salvando nota NFE - 51220519775656000104550010000201141738678980
2024-01-19 11:02:20,910 - INFO - Salvando nota NFE - 51220519775656000104550010000201151471710750
2024-01-19 11:02:21,033 - INFO - Salvando nota NFE - 51220519775656000104550010000201161052878500
2024-01-19 11:02:21,166 - INFO - Salvando nota NFE - 51220519775656000104550010000201171843395448
2024-01-19 11:02:21,289 - INFO - Salvando nota NFE - 51220519775656000104550010000201181498143696
2024-01-19 11:02:21,406 - INFO - Salvando nota NFE - 51220519775656000104550010000201191749419538
2024-01-19 11:02:21,527 - INFO - Salvando nota NFE - 51220519775656000104550010000201201691821011
2024-01-19 11:02:21,645 - INFO - Salvando nota NFE - 51220519775656000104550010000201061463527772
2024-01-19 11:02:21,793 - INFO - Salvando nota NFE - 51220519775656000104550010000201081439725980
2024-01-19 11:02:21,985 - INFO - Salvando nota NFE - 51220519775656000104550010000201091771622395
2024-01-19 11:02:22,104 - INFO - Salvando nota NFE - 51220519775656000104550010000201101213626105
2024-01-19 11:02:22,226 - INFO - Salvando nota NFE - 51220719775656000104550010000201281336386120
2024-01-19 11:02:22,370 - INFO - Salvando nota NFE - 51220719775656000104550010000201311428635092
2024-01-19 11:02:22,503 - INFO - Salvando nota NFE - 51220819775656000104550010000201321377117708
2024-01-19 11:02:22,625 - INFO - Salvando nota NFE - 51220819775656000104550010000201331793477629
2024-01-19 11:02:22,741 - INFO - Salvando nota NFE - 51220819775656000104550010000201371152726924
2024-01-19 11:02:22,912 - INFO - Salvando nota NFE - 51220819775656000104550010000201401531580648
2024-01-19 11:02:23,038 - INFO - Salvando nota NFE - 51220819775656000104550010000201491619207093
2024-01-19 11:02:23,155 - INFO - Salvando nota NFE - 51220819775656000104550010000201501593220587
2024-01-19 11:02:23,274 - INFO - Salvando nota NFE - 51220819775656000104550010000201511915680405
2024-01-19 11:02:23,413 - INFO - Salvando nota NFE - 51220819775656000104550010000201521878651718
2024-01-19 11:02:23,533 - INFO - Salvando nota NFE - 51220819775656000104550010000201541985599897
2024-01-19 11:02:23,655 - INFO - Salvando nota NFE - 51220819775656000104550010000201551240483711
2024-01-19 11:02:23,779 - INFO - Salvando nota NFE - 51220819775656000104550010000201561028471249
2024-01-19 11:02:23,893 - INFO - Salvando nota NFE - 51220819775656000104550010000201571007614870
2024-01-19 11:02:24,016 - INFO - Salvando nota NFE - 51220819775656000104550010000201531800541229
2024-01-19 11:02:24,135 - INFO - Salvando nota NFE - 51220919775656000104550010000201621374172654
2024-01-19 11:02:24,258 - INFO - Salvando nota NFE - 51221019775656000104550010000201771674726755
2024-01-19 11:02:24,384 - INFO - Salvando nota NFE - 51221119775656000104550010000201801867474781
2024-01-19 11:02:24,503 - INFO - Salvando nota NFE - 51221119775656000104550010000201821580304320
2024-01-19 11:02:24,628 - INFO - Salvando nota NFE - 51221219775656000104550010000201901574866317
2024-01-19 11:02:24,816 - INFO - Salvando nota NFE - 51230319775656000104550010000202011338437970
2024-01-19 11:02:24,944 - INFO - Salvando nota NFE - 51221219775656000104550010000201961966043570
2024-01-19 11:02:25,062 - INFO - Salvando nota NFE - 51230119775656000104550010000201991854889709
2024-01-19 11:02:25,176 - INFO - Salvando nota NFE - 51221219775656000104550010000201911424341291
2024-01-19 11:02:25,301 - INFO - Salvando nota NFE - 51230619775656000104550010000202051957819662
2024-01-19 11:02:25,425 - INFO - Salvando nota NFE - 51230619775656000104550010000202071539590052
2024-01-19 11:02:25,539 - INFO - Salvando nota NFE - 51230619775656000104550010000202081327174460
2024-01-19 11:02:25,657 - INFO - Salvando nota NFE - 51230619775656000104550010000202091124941838
2024-01-19 11:02:25,781 - INFO - Salvando nota NFE - 51230919775656000104550010000202111504753889
2024-01-19 11:02:25,928 - INFO - Salvando nota NFE - 51230819775656000104550010000202121625152260
2024-01-19 11:02:26,052 - INFO - Salvando nota NFE - 51230819775656000104550010000202141788641531
2024-01-19 11:02:26,188 - INFO - Salvando nota NFE - 51230819775656000104550010000202151055270571
2024-01-19 11:02:26,309 - INFO - Salvando nota NFE - 51231119775656000104550010000202471963386718
2024-01-19 11:02:26,428 - INFO - Salvando nota NFE - 51231119775656000104550010000202481032672434
2024-01-19 11:02:26,551 - INFO - Salvando nota NFE - 51231119775656000104550010000202491506090268
2024-01-19 11:02:26,667 - INFO - Salvando nota NFE - 51231119775656000104550010000202501132439829
2024-01-19 11:02:26,792 - INFO - Salvando nota NFE - 51231119775656000104550010000202511504877617
2024-01-19 11:02:26,905 - INFO - Salvando nota NFE - 51230819775656000104550010000202161332579579
2024-01-19 11:02:27,041 - INFO - Salvando nota NFE - 51230919775656000104550010000202221190235124
2024-01-19 11:02:27,168 - INFO - Salvando nota NFE - 51230919775656000104550010000202241455264466
2024-01-19 11:02:27,290 - INFO - Salvando nota NFE - 51230819775656000104550010000202211153715060
2024-01-19 11:02:27,417 - INFO - Salvando nota NFE - 51230919775656000104550010000202261154105509
2024-01-19 11:02:27,539 - INFO - Salvando nota NFE - 51230919775656000104550010000202271129066462
2024-01-19 11:02:27,656 - INFO - Salvando nota NFE - 51230919775656000104550010000202301511125150
2024-01-19 11:02:27,780 - INFO - Salvando nota NFE - 51230919775656000104550010000202331221698191
2024-01-19 11:02:27,896 - INFO - Salvando nota NFE - 51230919775656000104550010000202351052289707
2024-01-19 11:02:28,012 - INFO - Salvando nota NFE - 51230919775656000104550010000202361439002020
2024-01-19 11:02:28,128 - INFO - Salvando nota NFE - 51230919775656000104550010000202371704915285
2024-01-19 11:02:28,262 - INFO - Salvando nota NFE - 51230919775656000104550010000202451869981537
2024-01-19 11:02:28,381 - INFO - Salvando nota NFE - 51230919775656000104550010000202381211513772
2024-01-19 11:02:28,506 - INFO - Salvando nota NFE - 51230919775656000104550010000202421794197360
2024-01-19 11:02:28,625 - INFO - Salvando nota NFE - 51230919775656000104550010000202431876459528
2024-01-19 11:02:28,744 - INFO - Salvando nota NFE - 51231219775656000104550010000202541484854779
2024-01-19 11:02:28,869 - INFO - Salvando nota NFE - 51231219775656000104550010000202551627612070
2024-01-19 11:02:28,983 - INFO - Salvando nota NFE - 51231219775656000104550010000202561349269132
2024-01-19 11:02:28,984 - INFO - Inicia select NFCE- xmlcontador
2024-01-19 11:02:29,326 - INFO - Salvando nota NFCE - 51210619775656000104650010000200001775319755
2024-01-19 11:02:29,447 - INFO - Salvando nota NFCE - 51210619775656000104650010000200011353345281
2024-01-19 11:02:29,578 - INFO - Salvando nota NFCE - 51210619775656000104650010000200021140257773
2024-01-19 11:02:29,704 - INFO - Salvando nota NFCE - 51210619775656000104650010000200031043074381
2024-01-19 11:02:29,850 - INFO - Salvando nota NFCE - 51210619775656000104650010000200041665381498
2024-01-19 11:02:29,975 - INFO - Salvando nota NFCE - 51210619775656000104650010000200051611072079
2024-01-19 11:02:30,090 - INFO - Salvando nota NFCE - 51210619775656000104650010000200061507367456
2024-01-19 11:02:30,205 - INFO - Salvando nota NFCE - 51210619775656000104650010000200071791569567
2024-01-19 11:02:30,320 - INFO - Salvando nota NFCE - 51210619775656000104650010000200091866297210
2024-01-19 11:02:30,437 - INFO - Salvando nota NFCE - 51210619775656000104650010000200101190817502
2024-01-19 11:02:30,556 - INFO - Salvando nota NFCE - 51210619775656000104650010000200111956215033
2024-01-19 11:02:30,678 - INFO - Salvando nota NFCE - 51210619775656000104650010000200121402007872
2024-01-19 11:02:30,796 - INFO - Salvando nota NFCE - 51210619775656000104650010000200131650699372
2024-01-19 11:02:30,916 - INFO - Salvando nota NFCE - 51210619775656000104650010000200151862246350
2024-01-19 11:02:31,031 - INFO - Salvando nota NFCE - 51210619775656000104650010000200171617769706
2024-01-19 11:02:31,144 - INFO - Salvando nota NFCE - 51210619775656000104650010000200181695729684
2024-01-19 11:02:31,257 - INFO - Salvando nota NFCE - 51210619775656000104650010000200201332324248
2024-01-19 11:02:31,373 - INFO - Salvando nota NFCE - 51210619775656000104650010000200211010821658
2024-01-19 11:02:31,490 - INFO - Salvando nota NFCE - 51210619775656000104650010000200221340789925
2024-01-19 11:02:31,605 - INFO - Salvando nota NFCE - 51210619775656000104650010000200161905155242
2024-01-19 11:02:31,730 - INFO - Salvando nota NFCE - 51210619775656000104650010000200191629389118
2024-01-19 11:02:31,843 - INFO - Salvando nota NFCE - 51210619775656000104650010000200231463236433
2024-01-19 11:02:31,959 - INFO - Salvando nota NFCE - 51210619775656000104650010000200241223649234
2024-01-19 11:02:32,075 - INFO - Salvando nota NFCE - 51210619775656000104650010000200251015087200
2024-01-19 11:02:32,192 - INFO - Salvando nota NFCE - 51210619775656000104650010000200261815715199
2024-01-19 11:02:32,309 - INFO - Salvando nota NFCE - 51210619775656000104650010000200271594061105
2024-01-19 11:02:32,427 - INFO - Salvando nota NFCE - 51210619775656000104650010000200281362565144
2024-01-19 11:02:32,546 - INFO - Salvando nota NFCE - 51210619775656000104650010000200291999799708
2024-01-19 11:02:32,665 - INFO - Salvando nota NFCE - 51210619775656000104650010000200331294399612
2024-01-19 11:02:32,781 - INFO - Salvando nota NFCE - 51210619775656000104650010000200341729007345
2024-01-19 11:02:32,921 - INFO - Salvando nota NFCE - 51210619775656000104650010000200351689601150
2024-01-19 11:02:33,033 - INFO - Salvando nota NFCE - 51210619775656000104650010000200361118495479
2024-01-19 11:02:33,154 - INFO - Salvando nota NFCE - 51210619775656000104650010000200371570207661
2024-01-19 11:02:33,270 - INFO - Salvando nota NFCE - 51210619775656000104650010000200381844045989
2024-01-19 11:02:33,390 - INFO - Salvando nota NFCE - 51210719775656000104650010000200391500057324
2024-01-19 11:02:33,527 - INFO - Salvando nota NFCE - 51210719775656000104650010000200401523165310
2024-01-19 11:02:33,647 - INFO - Salvando nota NFCE - 51210719775656000104650010000200411651589250
2024-01-19 11:02:33,770 - INFO - Salvando nota NFCE - 51210719775656000104650010000200421591070073
2024-01-19 11:02:33,886 - INFO - Salvando nota NFCE - 51210719775656000104650010000200431997882562
2024-01-19 11:02:33,999 - INFO - Salvando nota NFCE - 51210719775656000104650010000200441361660299
2024-01-19 11:02:34,130 - INFO - Salvando nota NFCE - 51210719775656000104650010000200461805009786
2024-01-19 11:02:34,257 - INFO - Salvando nota NFCE - 51210819775656000104650010000200501895006826
2024-01-19 11:02:34,369 - INFO - Salvando nota NFCE - 51210819775656000104650010000200511221286155
2024-01-19 11:02:34,487 - INFO - Salvando nota NFCE - 51210819775656000104650010000200521572605080
2024-01-19 11:02:34,603 - INFO - Salvando nota NFCE - 51210819775656000104650010000200531663626622
2024-01-19 11:02:34,728 - INFO - Salvando nota NFCE - 51210819775656000104650010000200541477743891
2024-01-19 11:02:34,849 - INFO - Salvando nota NFCE - 51210919775656000104650010000200551955007700
2024-01-19 11:02:34,964 - INFO - Salvando nota NFCE - 51210919775656000104650010000200561982656508
2024-01-19 11:02:35,080 - INFO - Salvando nota NFCE - 51210919775656000104650010000200571818653434
2024-01-19 11:02:35,203 - INFO - Salvando nota NFCE - 51210919775656000104650010000200581240153658
2024-01-19 11:02:35,330 - INFO - Salvando nota NFCE - 51210919775656000104650010000200621136238270
2024-01-19 11:02:35,445 - INFO - Salvando nota NFCE - 51210919775656000104650010000200631600572282
2024-01-19 11:02:35,606 - INFO - Salvando nota NFCE - 51210919775656000104650010000200641259225953
2024-01-19 11:02:35,757 - INFO - Salvando nota NFCE - 51210619775656000104650010000200301015982012
2024-01-19 11:02:35,871 - INFO - Salvando nota NFCE - 51210619775656000104650010000200311978734036
2024-01-19 11:02:35,989 - INFO - Salvando nota NFCE - 51210619775656000104650010000200321233550160
2024-01-19 11:02:36,125 - INFO - Salvando nota NFCE - 51210719775656000104650010000200451499107391
2024-01-19 11:02:36,261 - INFO - Salvando nota NFCE - 51210719775656000104650010000200471265080203
2024-01-19 11:02:36,394 - INFO - Salvando nota NFCE - 51210719775656000104650010000200481207377336
2024-01-19 11:02:36,518 - INFO - Salvando nota NFCE - 51210719775656000104650010000200491820408019
2024-01-19 11:02:36,654 - INFO - Salvando nota NFCE - 51210919775656000104650010000200591899779438
2024-01-19 11:02:36,777 - INFO - Salvando nota NFCE - 51210919775656000104650010000200601833169217
2024-01-19 11:02:36,903 - INFO - Salvando nota NFCE - 51210919775656000104650010000200651412555435
2024-01-19 11:02:37,022 - INFO - Salvando nota NFCE - 51210919775656000104650010000200661778561428
2024-01-19 11:02:37,143 - INFO - Salvando nota NFCE - 51211019775656000104650010000200681979622470
2024-01-19 11:02:37,281 - INFO - Salvando nota NFCE - 51211019775656000104650010000200691005819416
2024-01-19 11:02:37,402 - INFO - Salvando nota NFCE - 51211019775656000104650010000200701085610730
2024-01-19 11:02:37,541 - INFO - Salvando nota NFCE - 51211119775656000104650010000200711501069235
2024-01-19 11:02:37,932 - INFO - Salvando nota NFCE - 51211219775656000104650010000200731589704665
2024-01-19 11:02:38,048 - INFO - Salvando nota NFCE - 51211219775656000104650010000200741989742367
2024-01-19 11:02:38,169 - INFO - Salvando nota NFCE - 51211219775656000104650010000200751683501211
2024-01-19 11:02:38,288 - INFO - Salvando nota NFCE - 51211219775656000104650010000200761413117475
2024-01-19 11:02:38,408 - INFO - Salvando nota NFCE - 51211119775656000104650010000200721266733697
2024-01-19 11:02:38,520 - INFO - Salvando nota NFCE - 51211219775656000104650010000200771109458648
2024-01-19 11:02:38,637 - INFO - Salvando nota NFCE - 51211219775656000104650010000200781507645380
2024-01-19 11:02:38,754 - INFO - Salvando nota NFCE - 51211219775656000104650010000200791717315074
2024-01-19 11:02:38,892 - INFO - Salvando nota NFCE - 51211219775656000104650010000200801009001412
2024-01-19 11:02:39,016 - INFO - Salvando nota NFCE - 51211219775656000104650010000200811800916452
2024-01-19 11:02:39,131 - INFO - Salvando nota NFCE - 51211219775656000104650010000200821627138780
2024-01-19 11:02:39,253 - INFO - Salvando nota NFCE - 51211219775656000104650010000200831817744697
2024-01-19 11:02:39,388 - INFO - Salvando nota NFCE - 51220319775656000104650010000200851030563563
2024-01-19 11:02:39,512 - INFO - Salvando nota NFCE - 51220319775656000104650010000200861246461065
2024-01-19 11:02:39,628 - INFO - Salvando nota NFCE - 51211219775656000104650010000200871814498210
2024-01-19 11:02:39,743 - INFO - Salvando nota NFCE - 51211219775656000104650010000200881549992867
2024-01-19 11:02:39,863 - INFO - Salvando nota NFCE - 51211219775656000104650010000200891448521432
2024-01-19 11:02:39,976 - INFO - Salvando nota NFCE - 51211219775656000104650010000200901446676391
2024-01-19 11:02:40,100 - INFO - Salvando nota NFCE - 51211219775656000104650010000200911770374394
2024-01-19 11:02:40,219 - INFO - Salvando nota NFCE - 51211219775656000104650010000200921963204447
2024-01-19 11:02:40,333 - INFO - Salvando nota NFCE - 51211219775656000104650010000200931799083791
2024-01-19 11:02:40,450 - INFO - Salvando nota NFCE - 51211219775656000104650010000200941250351138
2024-01-19 11:02:40,566 - INFO - Salvando nota NFCE - 51211219775656000104650010000200951830267059
2024-01-19 11:02:40,691 - INFO - Salvando nota NFCE - 51211219775656000104650010000200961002504206
2024-01-19 11:02:40,811 - INFO - Salvando nota NFCE - 51220319775656000104650010000200971623231650
2024-01-19 11:02:40,930 - INFO - Salvando nota NFCE - 51211219775656000104650010000200981584392117
2024-01-19 11:02:41,054 - INFO - Salvando nota NFCE - 51211219775656000104650010000200991226882702
2024-01-19 11:02:41,173 - INFO - Salvando nota NFCE - 51211219775656000104650010000201001618138374
2024-01-19 11:02:41,297 - INFO - Salvando nota NFCE - 51220419775656000104650010000201401402695005
2024-01-19 11:02:41,421 - INFO - Salvando nota NFCE - 51220519775656000104650010000201411090547414
2024-01-19 11:02:41,532 - INFO - Salvando nota NFCE - 51220519775656000104650010000201421173966446
2024-01-19 11:02:41,647 - INFO - Salvando nota NFCE - 51220519775656000104650010000201431893147114
2024-01-19 11:02:41,766 - INFO - Salvando nota NFCE - 51220519775656000104650010000201441899823275
2024-01-19 11:02:41,884 - INFO - Salvando nota NFCE - 51220519775656000104650010000201451627326481
2024-01-19 11:02:41,997 - INFO - Salvando nota NFCE - 51220519775656000104650010000201461008263603
2024-01-19 11:02:42,118 - INFO - Salvando nota NFCE - 51211219775656000104650010000201011695237001
2024-01-19 11:02:42,233 - INFO - Salvando nota NFCE - 51220119775656000104650010000201031629237287
2024-01-19 11:02:42,354 - INFO - Salvando nota NFCE - 51211219775656000104650010000201021068864811
2024-01-19 11:02:42,468 - INFO - Salvando nota NFCE - 51220119775656000104650010000201061309950740
2024-01-19 11:02:42,595 - INFO - Salvando nota NFCE - 51220119775656000104650010000201071114498381
2024-01-19 11:02:42,720 - INFO - Salvando nota NFCE - 51220119775656000104650010000201081854617918
2024-01-19 11:02:42,834 - INFO - Salvando nota NFCE - 51220119775656000104650010000201091040054315
2024-01-19 11:02:42,955 - INFO - Salvando nota NFCE - 51220119775656000104650010000201101780655585
2024-01-19 11:02:43,070 - INFO - Salvando nota NFCE - 51220119775656000104650010000201111735346703
2024-01-19 11:02:43,186 - INFO - Salvando nota NFCE - 51220119775656000104650010000201121874416066
2024-01-19 11:02:43,314 - INFO - Salvando nota NFCE - 51220119775656000104650010000201131168662551
2024-01-19 11:02:43,433 - INFO - Salvando nota NFCE - 51220119775656000104650010000201141227258631
2024-01-19 11:02:43,549 - INFO - Salvando nota NFCE - 51220119775656000104650010000201151636735689 ]
2024-01-19 11:02:43,663 - INFO - Salvando nota NFCE - 51220119775656000104650010000201161670395922 ]
2024-01-19 11:02:43,780 - INFO - Salvando nota NFCE - 51220119775656000104650010000201041832572092
2024-01-19 11:02:43,899 - INFO - Salvando nota NFCE - 51220119775656000104650010000201051717044574
2024-01-19 11:02:44,017 - INFO - Salvando nota NFCE - 51220119775656000104650010000201171871454141 ]
2024-01-19 11:02:44,132 - INFO - Salvando nota NFCE - 51220319775656000104650010000201391616073744
2024-01-19 11:02:44,267 - INFO - Salvando nota NFCE - 51220119775656000104650010000201181461793245
2024-01-19 11:02:44,391 - INFO - Salvando nota NFCE - 51220119775656000104650010000201191761151874
2024-01-19 11:02:44,554 - INFO - Salvando nota NFCE - 51220119775656000104650010000201201083753891
2024-01-19 11:02:44,678 - INFO - Salvando nota NFCE - 51220119775656000104650010000201211606298563
2024-01-19 11:02:44,801 - INFO - Salvando nota NFCE - 51220119775656000104650010000201221233428391
2024-01-19 11:02:44,918 - INFO - Salvando nota NFCE - 51220119775656000104650010000201231388619503
2024-01-19 11:02:45,076 - INFO - Salvando nota NFCE - 51220119775656000104650010000201241802711402
2024-01-19 11:02:45,229 - INFO - Salvando nota NFCE - 51220119775656000104650010000201251010259729
2024-01-19 11:02:45,345 - INFO - Salvando nota NFCE - 51220119775656000104650010000201261892852072
2024-01-19 11:02:45,464 - INFO - Salvando nota NFCE - 51220219775656000104650010000201271938260645
2024-01-19 11:02:45,578 - INFO - Salvando nota NFCE - 51220219775656000104650010000201281290180929
2024-01-19 11:02:45,696 - INFO - Salvando nota NFCE - 51220219775656000104650010000201291125842861
2024-01-19 11:02:45,813 - INFO - Salvando nota NFCE - 51220219775656000104650010000201301547004026
2024-01-19 11:02:45,931 - INFO - Salvando nota NFCE - 51220219775656000104650010000201311359166860
2024-01-19 11:02:46,043 - INFO - Salvando nota NFCE - 51220219775656000104650010000201321854404255
2024-01-19 11:02:46,169 - INFO - Salvando nota NFCE - 51220219775656000104650010000201331691614776
2024-01-19 11:02:46,281 - INFO - Salvando nota NFCE - 51220219775656000104650010000201341710085181
2024-01-19 11:02:46,399 - INFO - Salvando nota NFCE - 51220219775656000104650010000201351395428348
2024-01-19 11:02:46,519 - INFO - Salvando nota NFCE - 51220219775656000104650010000201361759177360
2024-01-19 11:02:46,668 - INFO - Salvando nota NFCE - 51220219775656000104650010000201371881241805
2024-01-19 11:02:46,786 - INFO - Salvando nota NFCE - 51220219775656000104650010000201381339455698
2024-01-19 11:02:46,900 - INFO - Salvando nota NFCE - 51220519775656000104650010000201471478998712
2024-01-19 11:02:47,016 - INFO - Salvando nota NFCE - 51220519775656000104650010000201481029368816
2024-01-19 11:02:47,133 - INFO - Salvando nota NFCE - 51220519775656000104650010000201491276247133
2024-01-19 11:02:47,257 - INFO - Salvando nota NFCE - 51220519775656000104650010000201501884177957
2024-01-19 11:02:47,369 - INFO - Salvando nota NFCE - 51220519775656000104650010000201511560211146
2024-01-19 11:02:47,488 - INFO - Salvando nota NFCE - 51220519775656000104650010000201521792044734
2024-01-19 11:02:47,609 - INFO - Salvando nota NFCE - 51220619775656000104650010000201531166161761
2024-01-19 11:02:47,735 - INFO - Salvando nota NFCE - 51220619775656000104650010000201561794661997
2024-01-19 11:02:48,425 - INFO - Salvando nota NFCE - 51220619775656000104650010000201571768491866
2024-01-19 11:02:48,604 - INFO - Salvando nota NFCE - 51220619775656000104650010000201581005027610
2024-01-19 11:02:48,728 - INFO - Salvando nota NFCE - 51220619775656000104650010000201591853748471
2024-01-19 11:02:48,847 - INFO - Salvando nota NFCE - 51220619775656000104650010000201541039370075
2024-01-19 11:02:48,962 - INFO - Salvando nota NFCE - 51220619775656000104650010000201551403318256
2024-01-19 11:02:49,092 - INFO - Salvando nota NFCE - 51220619775656000104650010000201601909700712
2024-01-19 11:02:49,216 - INFO - Salvando nota NFCE - 51220619775656000104650010000201611719559315
2024-01-19 11:02:49,334 - INFO - Salvando nota NFCE - 51220619775656000104650010000201621771548806
2024-01-19 11:02:49,447 - INFO - Salvando nota NFCE - 51220619775656000104650010000201631415694195
2024-01-19 11:02:49,571 - INFO - Salvando nota NFCE - 51220619775656000104650010000201641624566421
2024-01-19 11:02:49,682 - INFO - Salvando nota NFCE - 51220619775656000104650010000201651249312962
2024-01-19 11:02:49,800 - INFO - Salvando nota NFCE - 51220619775656000104650010000201671379878723
2024-01-19 11:02:50,196 - INFO - Salvando nota NFCE - 51220619775656000104650010000201681791572340
2024-01-19 11:02:50,312 - INFO - Salvando nota NFCE - 51220619775656000104650010000201711288167240
2024-01-19 11:02:50,440 - INFO - Salvando nota NFCE - 51220619775656000104650010000201721848688638
2024-01-19 11:02:50,589 - INFO - Salvando nota NFCE - 51220619775656000104650010000201731213085062
2024-01-19 11:02:50,703 - INFO - Salvando nota NFCE - 51220619775656000104650010000201691423283755
2024-01-19 11:02:50,819 - INFO - Salvando nota NFCE - 51220619775656000104650010000201741612229570
2024-01-19 11:02:50,934 - INFO - Salvando nota NFCE - 51220619775656000104650010000201761653886278
2024-01-19 11:02:51,059 - INFO - Salvando nota NFCE - 51220619775656000104650010000201771641543718
2024-01-19 11:02:51,171 - INFO - Salvando nota NFCE - 51220619775656000104650010000201781930322041
2024-01-19 11:02:51,291 - INFO - Salvando nota NFCE - 51220719775656000104650010000201791859048001
2024-01-19 11:02:51,409 - INFO - Salvando nota NFCE - 51220719775656000104650010000201801137798790
2024-01-19 11:02:51,669 - INFO - Salvando nota NFCE - 51220719775656000104650010000201821257377770
2024-01-19 11:02:51,787 - INFO - Salvando nota NFCE - 51220719775656000104650010000201841751087529
2024-01-19 11:02:51,898 - INFO - Salvando nota NFCE - 51220719775656000104650010000201871561540194
2024-01-19 11:02:52,010 - INFO - Salvando nota NFCE - 51220719775656000104650010000201881938042994
2024-01-19 11:02:52,151 - INFO - Salvando nota NFCE - 51220719775656000104650010000201891044671460
2024-01-19 11:02:52,263 - INFO - Salvando nota NFCE - 51220719775656000104650010000201921612960926
2024-01-19 11:02:52,375 - INFO - Salvando nota NFCE - 51220719775656000104650010000201951213454824
2024-01-19 11:02:52,982 - INFO - Salvando nota NFCE - 51220719775656000104650010000201961258153901
2024-01-19 11:02:53,150 - INFO - Salvando nota NFCE - 51220719775656000104650010000201971913615434
2024-01-19 11:02:53,266 - INFO - Salvando nota NFCE - 51220819775656000104650010000202011555754514
2024-01-19 11:02:53,383 - INFO - Salvando nota NFCE - 51220819775656000104650010000202021009124722
2024-01-19 11:02:53,500 - INFO - Salvando nota NFCE - 51220819775656000104650010000202031964802331
2024-01-19 11:02:53,645 - INFO - Salvando nota NFCE - 51220819775656000104650010000202041713736424 ]
2024-01-19 11:02:53,763 - INFO - Salvando nota NFCE - 51220819775656000104650010000202051378556358
2024-01-19 11:02:53,885 - INFO - Salvando nota NFCE - 51220819775656000104650010000202061365747165
2024-01-19 11:02:54,014 - INFO - Salvando nota NFCE - 51220819775656000104650010000202071991890091
2024-01-19 11:02:54,134 - INFO - Salvando nota NFCE - 51220819775656000104650010000202081874038876
2024-01-19 11:02:54,253 - INFO - Salvando nota NFCE - 51221219775656000104650010000202091894637285
2024-01-19 11:02:54,374 - INFO - Salvando nota NFCE - 51221219775656000104650010000202101654285407
2024-01-19 11:02:54,494 - INFO - Salvando nota NFCE - 51220719775656000104650010000201861611787565
2024-01-19 11:02:54,612 - INFO - Salvando nota NFCE - 51220719775656000104650010000201981428426231
2024-01-19 11:02:54,734 - INFO - Salvando nota NFCE - 51220719775656000104650010000201991004570863
2024-01-19 11:02:54,852 - INFO - Salvando nota NFCE - 51220919775656000104650010000202111463030633
2024-01-19 11:02:54,966 - INFO - Salvando nota NFCE - 51221219775656000104650010000202131613724483
2024-01-19 11:02:55,088 - INFO - Salvando nota NFCE - 51220919775656000104650010000202121888370750
2024-01-19 11:02:55,208 - INFO - Salvando nota NFCE - 51221219775656000104650010000202191221478280
2024-01-19 11:02:55,326 - INFO - Salvando nota NFCE - 51221219775656000104650010000202201990213692
2024-01-19 11:02:55,451 - INFO - Salvando nota NFCE - 51221219775656000104650010000202211851882088
2024-01-19 11:02:55,565 - INFO - Salvando nota NFCE - 51221219775656000104650010000202221837338764
2024-01-19 11:02:55,679 - INFO - Salvando nota NFCE - 51230719775656000104650010000202241696759671
2024-01-19 11:02:55,794 - INFO - Salvando nota NFCE - 51230719775656000104650010000202251208908718
2024-01-19 11:02:55,910 - INFO - Salvando nota NFCE - 51230719775656000104650010000202261384689176
2024-01-19 11:02:56,031 - INFO - Salvando nota NFCE - 51230719775656000104650010000202321506258341
2024-01-19 11:02:56,147 - INFO - Salvando nota NFCE - 51230719775656000104650010000202351450738302
2024-01-19 11:02:56,279 - INFO - Salvando nota NFCE - 51230719775656000104650010000202371728776230
2024-01-19 11:02:56,394 - INFO - Salvando nota NFCE - 51230919775656000104650010000202381526154232
2024-01-19 11:02:56,509 - INFO - Salvando nota NFCE - 51231119775656000104650010000202481006830691
2024-01-19 11:02:56,639 - INFO - Salvando nota NFCE - 51231119775656000104650010000202491682607262
2024-01-19 11:02:56,765 - INFO - Salvando nota NFCE - 51231119775656000104650010000202521862573205
2024-01-19 11:02:56,887 - INFO - Salvando nota NFCE - 51231119775656000104650010000202531328965285
2024-01-19 11:02:57,006 - INFO - Salvando nota NFCE - 51231119775656000104650010000202541406360665
2024-01-19 11:02:57,007 - INFO - Inicia select COMPRAS- xmlcontador
2024-01-19 11:02:57,228 - INFO - Salvando nota COMP - 32210605570714000825550010109463061235944449
2024-01-19 11:02:57,344 - INFO - Salvando nota COMP - 32210605570714000825550010110124021236875771
2024-01-19 11:02:57,461 - INFO - Salvando nota COMP - 35210627627303000195550010000012421122046200
2024-01-19 11:02:57,571 - INFO - Salvando nota COMP - 32210626658749000114550010000055881586513558
2024-01-19 11:02:57,706 - INFO - Salvando nota COMP - 43210708289097000106550010004662041100155409
2024-01-19 11:02:57,836 - INFO - Salvando nota COMP - 51210701426365000145550030001833261021833269
2024-01-19 11:02:57,991 - INFO - Salvando nota COMP - 43210508289097000106550010004505211100100735
2024-01-19 11:02:58,119 - INFO - Salvando nota COMP - 50210630816301000159550010000024551100024558
2024-01-19 11:02:58,250 - INFO - Salvando nota COMP - 51210601426365000145550030001771811081771814
2024-01-19 11:02:58,380 - INFO - 1064 (42000): You have an error in your SQL syntax; check the manual that corresponds to your MySQL server version for the right syntax to use near '/xProd><NCM>85285220</NCM><CEST>2106800</CEST><CFOP>6404</CFOP><uCom>UN</uCom><q' at line 5
2024-01-19 11:02:58,506 - INFO - Salvando nota COMP - 43210308289097000106550010004124301100242409
2024-01-19 11:02:58,624 - INFO - Salvando nota COMP - 51210819775656000104550010000000721121656783
2024-01-19 11:02:58,746 - INFO - Salvando nota COMP - 51210819775656000104550010000000711342180679
2024-01-19 11:02:58,867 - INFO - Salvando nota COMP - 52210701008713004909550120017779671541657304
2024-01-19 11:02:58,989 - INFO - Salvando nota COMP - 51210911550797000117550010000013031281985330
2024-01-19 11:02:59,145 - INFO - Salvando nota COMP - 51210911550797000117550010000013061118294563
2024-01-19 11:02:59,273 - INFO - Salvando nota COMP - 42210911027350000320550010000178031197840679
2024-01-19 11:02:59,395 - INFO - Salvando nota COMP - 51201034061496000125550010000002371506544671
2024-01-19 11:02:59,795 - INFO - Salvando nota COMP - 51201034061496000125550010000002491263153436
2024-01-19 11:02:59,939 - INFO - Salvando nota COMP - 51211109633228000193550010000002501386288810
2024-01-19 11:03:00,602 - INFO - Salvando nota COMP - 51211234152205000104550010000001051856943726
2024-01-19 11:03:00,765 - INFO - Salvando nota COMP - 51211234152205000104550010000001061193383261
2024-01-19 11:03:00,881 - INFO - Salvando nota COMP - 51211234152205000104550010000001101651141741
2024-01-19 11:03:01,002 - INFO - Salvando nota COMP - 51211234152205000104550010000001091979354787
2024-01-19 11:03:01,137 - INFO - Salvando nota COMP - 51211234152205000104550010000001071709768410
2024-01-19 11:03:01,264 - INFO - Salvando nota COMP - 51220119775656000104550010000200831446648299
2024-01-19 11:03:01,387 - INFO - Salvando nota COMP - 51220434061496000125550010000006221728631265
2024-01-19 11:03:01,507 - INFO - Salvando nota COMP - 51220434061496000125550010000006211534868491
2024-01-19 11:03:01,627 - INFO - Salvando nota COMP - 51220419775656000104550010000000901658809200
2024-01-19 11:03:01,749 - INFO - Salvando nota COMP - 51220419775656000104550010000000911984555060
2024-01-19 11:03:01,864 - INFO - Salvando nota COMP - 51220404080116000139550010000028201334602220
2024-01-19 11:03:02,023 - INFO - Salvando nota COMP - 51220404080116000139550010000028221444390841
2024-01-19 11:03:02,186 - INFO - Salvando nota COMP - 51220404080116000139550010000028221444390841
2024-01-19 11:03:02,331 - INFO - Salvando nota COMP - 51220404080116000139550010000028221444390841
2024-01-19 11:03:02,456 - INFO - Salvando nota COMP - 51220519775656000104550010000201031196001616
2024-01-19 11:03:02,606 - INFO - Salvando nota COMP - 51220519775656000104550010000201051003130928
2024-01-19 11:03:02,788 - INFO - Salvando nota COMP - 51220519775656000104550010000201061463527772
2024-01-19 11:03:02,909 - INFO - Salvando nota COMP - 51220541490496000106550010000006941063832983
2024-01-19 11:03:03,082 - INFO - Salvando nota COMP - 51220519775656000104550010000201181498143696
2024-01-19 11:03:03,209 - INFO - Salvando nota COMP - 51220519775656000104550010000201191749419538
2024-01-19 11:03:03,335 - INFO - Salvando nota COMP - 51220519775656000104550010000201191749419538
2024-01-19 11:03:03,513 - INFO - Salvando nota COMP - 32220516590234002543550000061247301909177240
2024-01-19 11:03:03,669 - INFO - Salvando nota COMP - 51220519775656000104550010000201191749419538
2024-01-19 11:03:03,800 - INFO - Salvando nota COMP - 51220619874630000113550010000002271431726795
2024-01-19 11:03:03,941 - INFO - Salvando nota COMP - 51220619874630000113550010000002311421320829
2024-01-19 11:03:04,073 - INFO - Salvando nota COMP - 51220619874630000113550010000002301178369123
2024-01-19 11:03:04,190 - INFO - Salvando nota COMP - 51220619874630000113550010000002281359601062
2024-01-19 11:03:04,325 - INFO - Salvando nota COMP - 51220634152205000104550010000001281975896576
2024-01-19 11:03:04,454 - INFO - Salvando nota COMP - 51220638377700000172550010000000831153958117
2024-01-19 11:03:04,587 - INFO - Salvando nota COMP - 51220731574991000140550010000004601851876617
2024-01-19 11:03:04,723 - INFO - Salvando nota COMP - 51220731574991000140550010000004621085869389
2024-01-19 11:03:04,849 - INFO - Salvando nota COMP - 51220731574991000140550010000004631821191006
2024-01-19 11:03:04,983 - INFO - Salvando nota COMP - 51220731574991000140550010000004641418146968
2024-01-19 11:03:05,119 - INFO - Salvando nota COMP - 51220623805710000194550010000004181461115969
2024-01-19 11:03:05,247 - INFO - Salvando nota COMP - 51220623805710000194550010000004191822604223
2024-01-19 11:03:05,370 - INFO - Salvando nota COMP - 51220623805710000194550010000004201972522541
2024-01-19 11:03:05,499 - INFO - Salvando nota COMP - 51220807294117000255550010000000271784044912
2024-01-19 11:03:05,679 - INFO - Salvando nota COMP - 51220830649038000150550010000027281225556670
2024-01-19 11:03:05,815 - INFO - Salvando nota COMP - 51221026794097000145550010000018021346692193
2024-01-19 11:03:05,933 - INFO - Salvando nota COMP - 51221134061496000125550010000007111524213663
2024-01-19 11:03:06,049 - INFO - Salvando nota COMP - 51221134061496000125550010000007111524213663
2024-01-19 11:03:06,169 - INFO - Salvando nota COMP - 51221134061496000125550010000007111524213663
2024-01-19 11:03:06,294 - INFO - Salvando nota COMP - 51221208321758000133650010000159861234469516
2024-01-19 11:03:06,422 - INFO - Salvando nota COMP - 51230226794097000145550010000021541784523600
2024-01-19 11:03:06,539 - INFO - Salvando nota COMP - 51230226794097000145550010000021581657011811
2024-01-19 11:03:06,692 - INFO - Salvando nota COMP - 51230324144104000138550010000006411329202613
2024-01-19 11:03:06,817 - INFO - Salvando nota COMP - 51230747667153000150550010000001931327697323
2024-01-19 11:03:06,940 - INFO - Salvando nota COMP - 51230700070600058115559200000003601019112391
2024-01-19 11:03:07,601 - INFO - Inicia select das notas - xmlcontador
2024-01-19 11:03:09,868 - INFO - pega dados local - xmlcontador
2024-01-19 11:03:11,462 - INFO - Inicia select das notas - xmlcontador
2024-01-19 11:03:11,626 - INFO - Inicia select contador - xmlcontador
2024-01-19 11:03:11,708 - INFO - Inicia select MDFE- xmlcontador
2024-01-19 11:03:11,876 - INFO - Salvando nota MDFE - 51210819775656000104580010000001001849719569
2024-01-19 11:03:12,027 - INFO - Salvando nota MDFE - 51210819775656000104580010000001011195985815
2024-01-19 11:03:12,172 - INFO - Salvando nota MDFE - 51210819775656000104580010000001031001463189
2024-01-19 11:03:12,316 - INFO - Salvando nota MDFE - 51211219775656000104580010000001051846242122
2024-01-19 11:03:12,468 - INFO - Salvando nota MDFE - 51220419775656000104580010000001061052782248
2024-01-19 11:03:12,618 - INFO - Salvando nota MDFE - 51220819775656000104580010000001081913927171
2024-01-19 11:03:12,767 - INFO - Salvando nota MDFE - 51220819775656000104580010000001101978578820
2024-01-19 11:03:12,914 - INFO - Salvando nota MDFE - 51220819775656000104580010000001161721631900
2024-01-19 11:03:13,091 - INFO - Salvando nota MDFE - 51220819775656000104580010000001171639103684
2024-01-19 11:03:13,238 - INFO - Salvando nota MDFE - 51220819775656000104580010000001191269107022
2024-01-19 11:03:13,394 - INFO - Salvando nota MDFE - 51220819775656000104580010000001201357293619
2024-01-19 11:03:14,146 - INFO - Salvando nota MDFE - 51230619775656000104580010000001221390947362
2024-01-19 11:03:14,148 - INFO - Inicia select NFE- xmlcontador
2024-01-19 11:03:14,622 - INFO - Salvando nota NFE - 51210619775656000104550010000200001372857217
2024-01-19 11:03:14,796 - INFO - Salvando nota NFE - 51210619775656000104550010000200011676958142
2024-01-19 11:03:14,949 - INFO - Salvando nota NFE - 51210619775656000104550010000200021192747760
2024-01-19 11:03:15,099 - INFO - Salvando nota NFE - 51210619775656000104550010000200031289498770
2024-01-19 11:03:15,268 - INFO - Salvando nota NFE - 51210619775656000104550010000200041801565769
2024-01-19 11:03:15,419 - INFO - Salvando nota NFE - 51210619775656000104550010000200061217828105
2024-01-19 11:03:15,583 - INFO - Salvando nota NFE - None
2024-01-19 11:03:15,740 - INFO - Salvando nota NFE - 51210619775656000104550010000200081791796908
2024-01-19 11:03:15,919 - INFO - Salvando nota NFE - 51210619775656000104550010000200091498484474
2024-01-19 11:03:16,060 - INFO - Salvando nota NFE - None
2024-01-19 11:03:16,221 - INFO - Salvando nota NFE - 51210619775656000104550010000200111245999164
2024-01-19 11:03:16,403 - INFO - Salvando nota NFE - 51210719775656000104550010000200191827015568
2024-01-19 11:03:16,559 - INFO - Salvando nota NFE - 51210819775656000104550010000200231028237671
2024-01-19 11:03:16,713 - INFO - Salvando nota NFE - 51210819775656000104550010000200241635553344
2024-01-19 11:03:16,862 - INFO - Salvando nota NFE - 51210819775656000104550010000200251051486121
2024-01-19 11:03:17,015 - INFO - Salvando nota NFE - 51210819775656000104550010000200261718346960
2024-01-19 11:03:17,164 - INFO - Salvando nota NFE - 51210819775656000104550010000200271030454896
2024-01-19 11:03:17,314 - INFO - Salvando nota NFE - None
2024-01-19 11:03:17,466 - INFO - Salvando nota NFE - 51210619775656000104550010000200131266724134
2024-01-19 11:03:17,607 - INFO - Salvando nota NFE - None
2024-01-19 11:03:17,776 - INFO - Salvando nota NFE - 51210619775656000104550010000200151836626130
2024-01-19 11:03:17,928 - INFO - Salvando nota NFE - 51210619775656000104550010000200161113376964
2024-01-19 11:03:18,076 - INFO - Salvando nota NFE - 51210619775656000104550010000200171560681888
2024-01-19 11:03:18,224 - INFO - Salvando nota NFE - 51210619775656000104550010000200181593777849
2024-01-19 11:03:18,382 - INFO - Salvando nota NFE - 51210819775656000104550010000200281150678730
2024-01-19 11:03:18,544 - INFO - Salvando nota NFE - 51210819775656000104550010000200291689138074
2024-01-19 11:03:18,693 - INFO - Salvando nota NFE - 51210819775656000104550010000200301673457281
2024-01-19 11:03:18,844 - INFO - Salvando nota NFE - 51210819775656000104550010000200321459408920
2024-01-19 11:03:18,997 - INFO - Salvando nota NFE - 51210819775656000104550010000200331525811500
2024-01-19 11:03:19,144 - INFO - Salvando nota NFE - 51210719775656000104550010000200201009949461
2024-01-19 11:03:19,308 - INFO - Salvando nota NFE - 51210719775656000104550010000200211330840514
2024-01-19 11:03:19,460 - INFO - Salvando nota NFE - 51210719775656000104550010000200221878309807
2024-01-19 11:03:19,636 - INFO - Salvando nota NFE - 51210919775656000104550010000200341737217270
2024-01-19 11:03:19,787 - INFO - Salvando nota NFE - 51210919775656000104550010000200351090100298
2024-01-19 11:03:19,938 - INFO - Salvando nota NFE - 51210919775656000104550010000200361704080327
2024-01-19 11:03:20,106 - INFO - Salvando nota NFE - 51210919775656000104550010000200371514950190
2024-01-19 11:03:20,250 - INFO - Salvando nota NFE - 51210919775656000104550010000200441213268751
2024-01-19 11:03:20,402 - INFO - Salvando nota NFE - 51210919775656000104550010000200471185956468
2024-01-19 11:03:20,561 - INFO - Salvando nota NFE - 51230519775656000104550010000202041213339130
2024-01-19 11:03:20,723 - INFO - Salvando nota NFE - 51210919775656000104550010000200401535449062
2024-01-19 11:03:20,870 - INFO - Salvando nota NFE - 51210919775656000104550010000200421315050190
2024-01-19 11:03:21,075 - INFO - Salvando nota NFE - 51210919775656000104550010000200431299662421
2024-01-19 11:03:21,249 - INFO - Salvando nota NFE - 51210919775656000104550010000200481949915007
2024-01-19 11:03:21,402 - INFO - Salvando nota NFE - 51210919775656000104550010000200491479928393
2024-01-19 11:03:21,549 - INFO - Salvando nota NFE - 51210919775656000104550010000200501648808862
2024-01-19 11:03:21,697 - INFO - Salvando nota NFE - 51210919775656000104550010000200531468921921
2024-01-19 11:03:21,864 - INFO - Salvando nota NFE - 51210919775656000104550010000200541764465509
2024-01-19 11:03:22,062 - INFO - Salvando nota NFE - 51210919775656000104550010000200561818938790
2024-01-19 11:03:22,258 - INFO - Salvando nota NFE - 51210919775656000104550010000200571550655368
2024-01-19 11:03:22,411 - INFO - Salvando nota NFE - 51210919775656000104550010000200581496617200
2024-01-19 11:03:22,567 - INFO - Salvando nota NFE - 51211019775656000104550010000200591786297907
2024-01-19 11:03:22,713 - INFO - Salvando nota NFE - 51211019775656000104550010000200601527767509
2024-01-19 11:03:22,863 - INFO - Salvando nota NFE - 51210919775656000104550010000200511178512943
2024-01-19 11:03:23,022 - INFO - Salvando nota NFE - 51210919775656000104550010000200521220527599
2024-01-19 11:03:23,220 - INFO - Salvando nota NFE - 51211019775656000104550010000200641161299387
2024-01-19 11:03:23,377 - INFO - Salvando nota NFE - 51211019775656000104550010000200651507444115
2024-01-19 11:03:23,545 - INFO - Salvando nota NFE - 51211019775656000104550010000200681541934679
2024-01-19 11:03:23,710 - INFO - Salvando nota NFE - 51211019775656000104550010000200671932156855
2024-01-19 11:03:23,856 - INFO - Salvando nota NFE - 51211019775656000104550010000200691918518448
2024-01-19 11:03:24,015 - INFO - Salvando nota NFE - 51211019775656000104550010000200701205130517
2024-01-19 11:03:24,166 - INFO - Salvando nota NFE - 51211119775656000104550010000200711697138380
2024-01-19 11:03:24,317 - INFO - Salvando nota NFE - 51211219775656000104550010000200751364543240
2024-01-19 11:03:24,465 - INFO - Salvando nota NFE - 51211219775656000104550010000200771004019447
2024-01-19 11:03:24,613 - INFO - Salvando nota NFE - 51211219775656000104550010000200781882654246
2024-01-19 11:03:24,761 - INFO - Salvando nota NFE - 51211219775656000104550010000200761677645384
2024-01-19 11:03:24,919 - INFO - Salvando nota NFE - 51220119775656000104550010000200801370643230
2024-01-19 11:03:25,067 - INFO - Salvando nota NFE - 51211119775656000104550010000200721123723849
2024-01-19 11:03:25,231 - INFO - Salvando nota NFE - 51211119775656000104550010000200731346252398
2024-01-19 11:03:25,381 - INFO - Salvando nota NFE - 51220119775656000104550010000200831446648299
2024-01-19 11:03:25,538 - INFO - Salvando nota NFE - 51220119775656000104550010000200851745355115
2024-01-19 11:03:25,687 - INFO - Salvando nota NFE - 51220119775656000104550010000200841966877575
2024-01-19 11:03:25,842 - INFO - Salvando nota NFE - 51220319775656000104550010000200941546344624
2024-01-19 11:03:25,990 - INFO - Salvando nota NFE - 51220419775656000104550010000200951318600732
2024-01-19 11:03:26,182 - INFO - Salvando nota NFE - 51220419775656000104550010000200961397309278
2024-01-19 11:03:26,333 - INFO - Salvando nota NFE - 51220519775656000104550010000200971289273749
2024-01-19 11:03:26,479 - INFO - Salvando nota NFE - 51220519775656000104550010000200981235413159
2024-01-19 11:03:26,633 - INFO - Salvando nota NFE - 51220519775656000104550010000200991737558789
2024-01-19 11:03:26,791 - INFO - Salvando nota NFE - 51220519775656000104550010000201001773217115
2024-01-19 11:03:26,934 - INFO - Salvando nota NFE - 51220519775656000104550010000201021088283404
2024-01-19 11:03:27,090 - INFO - Salvando nota NFE - 51220519775656000104550010000201031196001616
2024-01-19 11:03:27,237 - INFO - Salvando nota NFE - 51220619775656000104550010000201221416426261
2024-01-19 11:03:27,398 - INFO - Salvando nota NFE - 51220619775656000104550010000201241505715700
2024-01-19 11:03:27,551 - INFO - Salvando nota NFE - 51220619775656000104550010000201271044450758
2024-01-19 11:03:27,704 - INFO - Salvando nota NFE - 51220519775656000104550010000201041228525361
2024-01-19 11:03:27,859 - INFO - Salvando nota NFE - 51220519775656000104550010000201051003130928
2024-01-19 11:03:28,022 - INFO - Salvando nota NFE - 51220519775656000104550010000201071959601277
2024-01-19 11:03:28,173 - INFO - Salvando nota NFE - 51220519775656000104550010000201111754865054
2024-01-19 11:03:28,328 - INFO - Salvando nota NFE - 51220519775656000104550010000201121315126521
2024-01-19 11:03:28,481 - INFO - Salvando nota NFE - 51220519775656000104550010000201131448885609
2024-01-19 11:03:28,643 - INFO - Salvando nota NFE - 51220519775656000104550010000201141738678980
2024-01-19 11:03:28,800 - INFO - Salvando nota NFE - 51220519775656000104550010000201151471710750
2024-01-19 11:03:28,960 - INFO - Salvando nota NFE - 51220519775656000104550010000201161052878500
2024-01-19 11:03:29,120 - INFO - Salvando nota NFE - 51220519775656000104550010000201171843395448
2024-01-19 11:03:29,270 - INFO - Salvando nota NFE - 51220519775656000104550010000201181498143696
2024-01-19 11:03:29,419 - INFO - Salvando nota NFE - 51220519775656000104550010000201191749419538
2024-01-19 11:03:29,583 - INFO - Salvando nota NFE - 51220519775656000104550010000201201691821011
2024-01-19 11:03:29,757 - INFO - Salvando nota NFE - 51220519775656000104550010000201061463527772
2024-01-19 11:03:29,904 - INFO - Salvando nota NFE - 51220519775656000104550010000201081439725980
2024-01-19 11:03:30,064 - INFO - Salvando nota NFE - 51220519775656000104550010000201091771622395
2024-01-19 11:03:30,221 - INFO - Salvando nota NFE - 51220519775656000104550010000201101213626105
2024-01-19 11:03:30,368 - INFO - Salvando nota NFE - 51220719775656000104550010000201281336386120
2024-01-19 11:03:30,542 - INFO - Salvando nota NFE - 51220719775656000104550010000201311428635092
2024-01-19 11:03:30,693 - INFO - Salvando nota NFE - 51220819775656000104550010000201321377117708
2024-01-19 11:03:30,852 - INFO - Salvando nota NFE - 51220819775656000104550010000201331793477629
2024-01-19 11:03:31,009 - INFO - Salvando nota NFE - 51220819775656000104550010000201371152726924
2024-01-19 11:03:31,177 - INFO - Salvando nota NFE - 51220819775656000104550010000201401531580648
2024-01-19 11:03:31,340 - INFO - Salvando nota NFE - 51220819775656000104550010000201491619207093
2024-01-19 11:03:31,490 - INFO - Salvando nota NFE - 51220819775656000104550010000201501593220587
2024-01-19 11:03:31,640 - INFO - Salvando nota NFE - 51220819775656000104550010000201511915680405
2024-01-19 11:03:31,796 - INFO - Salvando nota NFE - 51220819775656000104550010000201521878651718
2024-01-19 11:03:31,947 - INFO - Salvando nota NFE - 51220819775656000104550010000201541985599897
2024-01-19 11:03:32,100 - INFO - Salvando nota NFE - 51220819775656000104550010000201551240483711
2024-01-19 11:03:32,249 - INFO - Salvando nota NFE - 51220819775656000104550010000201561028471249
2024-01-19 11:03:32,398 - INFO - Salvando nota NFE - 51220819775656000104550010000201571007614870
2024-01-19 11:03:32,549 - INFO - Salvando nota NFE - 51220819775656000104550010000201531800541229
2024-01-19 11:03:32,708 - INFO - Salvando nota NFE - 51220919775656000104550010000201621374172654
2024-01-19 11:03:32,866 - INFO - Salvando nota NFE - 51221019775656000104550010000201771674726755
2024-01-19 11:03:33,015 - INFO - Salvando nota NFE - 51221119775656000104550010000201801867474781
2024-01-19 11:03:33,167 - INFO - Salvando nota NFE - 51221119775656000104550010000201821580304320
2024-01-19 11:03:33,318 - INFO - Salvando nota NFE - 51221219775656000104550010000201901574866317
2024-01-19 11:03:33,487 - INFO - Salvando nota NFE - 51230319775656000104550010000202011338437970
2024-01-19 11:03:33,636 - INFO - Salvando nota NFE - 51221219775656000104550010000201961966043570
2024-01-19 11:03:33,788 - INFO - Salvando nota NFE - 51230119775656000104550010000201991854889709
2024-01-19 11:03:33,943 - INFO - Salvando nota NFE - 51221219775656000104550010000201911424341291
2024-01-19 11:03:34,097 - INFO - Salvando nota NFE - 51230619775656000104550010000202051957819662
2024-01-19 11:03:34,250 - INFO - Salvando nota NFE - 51230619775656000104550010000202071539590052
2024-01-19 11:03:34,425 - INFO - Salvando nota NFE - 51230619775656000104550010000202081327174460
2024-01-19 11:03:34,574 - INFO - Salvando nota NFE - 51230619775656000104550010000202091124941838
2024-01-19 11:03:34,731 - INFO - Salvando nota NFE - 51230919775656000104550010000202111504753889
2024-01-19 11:03:34,884 - INFO - Salvando nota NFE - 51230819775656000104550010000202121625152260
2024-01-19 11:03:35,030 - INFO - Salvando nota NFE - 51230819775656000104550010000202141788641531
2024-01-19 11:03:35,185 - INFO - Salvando nota NFE - 51230819775656000104550010000202151055270571
2024-01-19 11:03:35,343 - INFO - Salvando nota NFE - 51231119775656000104550010000202471963386718
2024-01-19 11:03:35,489 - INFO - Salvando nota NFE - 51231119775656000104550010000202481032672434
2024-01-19 11:03:35,643 - INFO - Salvando nota NFE - 51231119775656000104550010000202491506090268
2024-01-19 11:03:35,796 - INFO - Salvando nota NFE - 51231119775656000104550010000202501132439829
2024-01-19 11:03:35,957 - INFO - Salvando nota NFE - 51231119775656000104550010000202511504877617
2024-01-19 11:03:36,107 - INFO - Salvando nota NFE - 51230819775656000104550010000202161332579579
2024-01-19 11:03:36,280 - INFO - Salvando nota NFE - 51230919775656000104550010000202221190235124
2024-01-19 11:03:36,444 - INFO - Salvando nota NFE - 51230919775656000104550010000202241455264466
2024-01-19 11:03:36,595 - INFO - Salvando nota NFE - 51230819775656000104550010000202211153715060
2024-01-19 11:03:36,751 - INFO - Salvando nota NFE - 51230919775656000104550010000202261154105509
2024-01-19 11:03:36,919 - INFO - Salvando nota NFE - 51230919775656000104550010000202271129066462
2024-01-19 11:03:37,079 - INFO - Salvando nota NFE - 51230919775656000104550010000202301511125150
2024-01-19 11:03:37,302 - INFO - Salvando nota NFE - 51230919775656000104550010000202331221698191
2024-01-19 11:03:37,780 - INFO - Salvando nota NFE - 51230919775656000104550010000202351052289707
2024-01-19 11:03:37,931 - INFO - Salvando nota NFE - 51230919775656000104550010000202361439002020
2024-01-19 11:03:38,082 - INFO - Salvando nota NFE - 51230919775656000104550010000202371704915285
2024-01-19 11:03:38,281 - INFO - Salvando nota NFE - 51230919775656000104550010000202451869981537
2024-01-19 11:03:38,734 - INFO - Salvando nota NFE - 51230919775656000104550010000202381211513772
2024-01-19 11:03:38,899 - INFO - Salvando nota NFE - 51230919775656000104550010000202421794197360
2024-01-19 11:03:39,052 - INFO - Salvando nota NFE - 51230919775656000104550010000202431876459528
2024-01-19 11:03:39,203 - INFO - Salvando nota NFE - 51231219775656000104550010000202541484854779
2024-01-19 11:03:39,367 - INFO - Salvando nota NFE - 51231219775656000104550010000202551627612070
2024-01-19 11:03:39,530 - INFO - Salvando nota NFE - 51231219775656000104550010000202561349269132
2024-01-19 11:03:39,531 - INFO - Inicia select NFCE- xmlcontador
2024-01-19 11:03:39,892 - INFO - Salvando nota NFCE - 51210619775656000104650010000200001775319755
2024-01-19 11:03:40,045 - INFO - Salvando nota NFCE - 51210619775656000104650010000200011353345281
2024-01-19 11:03:40,194 - INFO - Salvando nota NFCE - 51210619775656000104650010000200021140257773
2024-01-19 11:03:40,345 - INFO - Salvando nota NFCE - 51210619775656000104650010000200031043074381
2024-01-19 11:03:40,501 - INFO - Salvando nota NFCE - 51210619775656000104650010000200041665381498
2024-01-19 11:03:40,655 - INFO - Salvando nota NFCE - 51210619775656000104650010000200051611072079
2024-01-19 11:03:40,819 - INFO - Salvando nota NFCE - 51210619775656000104650010000200061507367456
2024-01-19 11:03:40,971 - INFO - Salvando nota NFCE - 51210619775656000104650010000200071791569567
2024-01-19 11:03:41,119 - INFO - Salvando nota NFCE - 51210619775656000104650010000200091866297210
2024-01-19 11:03:41,284 - INFO - Salvando nota NFCE - 51210619775656000104650010000200101190817502
2024-01-19 11:03:41,434 - INFO - Salvando nota NFCE - 51210619775656000104650010000200111956215033
2024-01-19 11:03:42,114 - INFO - Salvando nota NFCE - 51210619775656000104650010000200121402007872
2024-01-19 11:03:42,373 - INFO - Salvando nota NFCE - 51210619775656000104650010000200131650699372
2024-01-19 11:03:42,523 - INFO - Salvando nota NFCE - 51210619775656000104650010000200151862246350
2024-01-19 11:03:42,684 - INFO - Salvando nota NFCE - 51210619775656000104650010000200171617769706
2024-01-19 11:03:42,836 - INFO - Salvando nota NFCE - 51210619775656000104650010000200181695729684
2024-01-19 11:03:42,990 - INFO - Salvando nota NFCE - 51210619775656000104650010000200201332324248
2024-01-19 11:03:43,139 - INFO - Salvando nota NFCE - 51210619775656000104650010000200211010821658
2024-01-19 11:03:43,290 - INFO - Salvando nota NFCE - 51210619775656000104650010000200221340789925
2024-01-19 11:03:43,448 - INFO - Salvando nota NFCE - 51210619775656000104650010000200161905155242
2024-01-19 11:03:43,625 - INFO - Salvando nota NFCE - 51210619775656000104650010000200191629389118
2024-01-19 11:03:43,782 - INFO - Salvando nota NFCE - 51210619775656000104650010000200231463236433
2024-01-19 11:03:43,930 - INFO - Salvando nota NFCE - 51210619775656000104650010000200241223649234
2024-01-19 11:03:44,079 - INFO - Salvando nota NFCE - 51210619775656000104650010000200251015087200
2024-01-19 11:03:44,229 - INFO - Salvando nota NFCE - 51210619775656000104650010000200261815715199
2024-01-19 11:03:44,377 - INFO - Salvando nota NFCE - 51210619775656000104650010000200271594061105
2024-01-19 11:03:44,526 - INFO - Salvando nota NFCE - 51210619775656000104650010000200281362565144
2024-01-19 11:03:44,687 - INFO - Salvando nota NFCE - 51210619775656000104650010000200291999799708
2024-01-19 11:03:44,877 - INFO - Salvando nota NFCE - 51210619775656000104650010000200331294399612
2024-01-19 11:03:45,031 - INFO - Salvando nota NFCE - 51210619775656000104650010000200341729007345
2024-01-19 11:03:45,253 - INFO - Salvando nota NFCE - 51210619775656000104650010000200351689601150
2024-01-19 11:03:45,425 - INFO - Salvando nota NFCE - 51210619775656000104650010000200361118495479
2024-01-19 11:03:45,578 - INFO - Salvando nota NFCE - 51210619775656000104650010000200371570207661
2024-01-19 11:03:45,741 - INFO - Salvando nota NFCE - 51210619775656000104650010000200381844045989
2024-01-19 11:03:45,945 - INFO - Salvando nota NFCE - 51210719775656000104650010000200391500057324
2024-01-19 11:03:46,114 - INFO - Salvando nota NFCE - 51210719775656000104650010000200401523165310
2024-01-19 11:03:46,274 - INFO - Salvando nota NFCE - 51210719775656000104650010000200411651589250
2024-01-19 11:03:46,434 - INFO - Salvando nota NFCE - 51210719775656000104650010000200421591070073
2024-01-19 11:03:46,587 - INFO - Salvando nota NFCE - 51210719775656000104650010000200431997882562
2024-01-19 11:03:46,758 - INFO - Salvando nota NFCE - 51210719775656000104650010000200441361660299
2024-01-19 11:03:46,910 - INFO - Salvando nota NFCE - 51210719775656000104650010000200461805009786
2024-01-19 11:03:47,059 - INFO - Salvando nota NFCE - 51210819775656000104650010000200501895006826
2024-01-19 11:03:47,214 - INFO - Salvando nota NFCE - 51210819775656000104650010000200511221286155
2024-01-19 11:03:47,368 - INFO - Salvando nota NFCE - 51210819775656000104650010000200521572605080
2024-01-19 11:03:47,515 - INFO - Salvando nota NFCE - 51210819775656000104650010000200531663626622
2024-01-19 11:03:47,664 - INFO - Salvando nota NFCE - 51210819775656000104650010000200541477743891
2024-01-19 11:03:47,815 - INFO - Salvando nota NFCE - 51210919775656000104650010000200551955007700
2024-01-19 11:03:47,966 - INFO - Salvando nota NFCE - 51210919775656000104650010000200561982656508
2024-01-19 11:03:48,117 - INFO - Salvando nota NFCE - 51210919775656000104650010000200571818653434
2024-01-19 11:03:48,268 - INFO - Salvando nota NFCE - 51210919775656000104650010000200581240153658
2024-01-19 11:03:48,417 - INFO - Salvando nota NFCE - 51210919775656000104650010000200621136238270
2024-01-19 11:03:48,566 - INFO - Salvando nota NFCE - 51210919775656000104650010000200631600572282
2024-01-19 11:03:48,714 - INFO - Salvando nota NFCE - 51210919775656000104650010000200641259225953
2024-01-19 11:03:48,864 - INFO - Salvando nota NFCE - 51210619775656000104650010000200301015982012
2024-01-19 11:03:49,012 - INFO - Salvando nota NFCE - 51210619775656000104650010000200311978734036
2024-01-19 11:03:49,164 - INFO - Salvando nota NFCE - 51210619775656000104650010000200321233550160
2024-01-19 11:03:49,311 - INFO - Salvando nota NFCE - 51210719775656000104650010000200451499107391
2024-01-19 11:03:49,475 - INFO - Salvando nota NFCE - 51210719775656000104650010000200471265080203
2024-01-19 11:03:49,620 - INFO - Salvando nota NFCE - 51210719775656000104650010000200481207377336
2024-01-19 11:03:49,768 - INFO - Salvando nota NFCE - 51210719775656000104650010000200491820408019
2024-01-19 11:03:49,920 - INFO - Salvando nota NFCE - 51210919775656000104650010000200591899779438
2024-01-19 11:03:50,072 - INFO - Salvando nota NFCE - 51210919775656000104650010000200601833169217
2024-01-19 11:03:50,239 - INFO - Salvando nota NFCE - 51210919775656000104650010000200651412555435
2024-01-19 11:03:50,415 - INFO - Salvando nota NFCE - 51210919775656000104650010000200661778561428
2024-01-19 11:03:50,566 - INFO - Salvando nota NFCE - 51211019775656000104650010000200681979622470
2024-01-19 11:03:50,729 - INFO - Salvando nota NFCE - 51211019775656000104650010000200691005819416
2024-01-19 11:03:50,889 - INFO - Salvando nota NFCE - 51211019775656000104650010000200701085610730
2024-01-19 11:03:51,042 - INFO - Salvando nota NFCE - 51211119775656000104650010000200711501069235
2024-01-19 11:03:51,190 - INFO - Salvando nota NFCE - 51211219775656000104650010000200731589704665
2024-01-19 11:03:51,340 - INFO - Salvando nota NFCE - 51211219775656000104650010000200741989742367
2024-01-19 11:03:51,497 - INFO - Salvando nota NFCE - 51211219775656000104650010000200751683501211
2024-01-19 11:03:51,740 - INFO - Salvando nota NFCE - 51211219775656000104650010000200761413117475
2024-01-19 11:03:51,898 - INFO - Salvando nota NFCE - 51211119775656000104650010000200721266733697
2024-01-19 11:03:52,103 - INFO - Salvando nota NFCE - 51211219775656000104650010000200771109458648
2024-01-19 11:03:52,282 - INFO - Salvando nota NFCE - 51211219775656000104650010000200781507645380
2024-01-19 11:03:52,435 - INFO - Salvando nota NFCE - 51211219775656000104650010000200791717315074
2024-01-19 11:03:52,584 - INFO - Salvando nota NFCE - 51211219775656000104650010000200801009001412
2024-01-19 11:03:52,735 - INFO - Salvando nota NFCE - 51211219775656000104650010000200811800916452
2024-01-19 11:03:52,885 - INFO - Salvando nota NFCE - 51211219775656000104650010000200821627138780
2024-01-19 11:03:53,045 - INFO - Salvando nota NFCE - 51211219775656000104650010000200831817744697
2024-01-19 11:03:53,236 - INFO - Salvando nota NFCE - 51220319775656000104650010000200851030563563
2024-01-19 11:03:53,391 - INFO - Salvando nota NFCE - 51220319775656000104650010000200861246461065
2024-01-19 11:03:53,542 - INFO - Salvando nota NFCE - 51211219775656000104650010000200871814498210
2024-01-19 11:03:53,996 - INFO - Salvando nota NFCE - 51211219775656000104650010000200881549992867
2024-01-19 11:03:54,419 - INFO - Salvando nota NFCE - 51211219775656000104650010000200891448521432
2024-01-19 11:03:54,633 - INFO - Salvando nota NFCE - 51211219775656000104650010000200901446676391
2024-01-19 11:03:54,845 - INFO - Salvando nota NFCE - 51211219775656000104650010000200911770374394
2024-01-19 11:03:54,995 - INFO - Salvando nota NFCE - 51211219775656000104650010000200921963204447
2024-01-19 11:03:55,144 - INFO - Salvando nota NFCE - 51211219775656000104650010000200931799083791
2024-01-19 11:03:55,317 - INFO - Salvando nota NFCE - 51211219775656000104650010000200941250351138
2024-01-19 11:03:55,488 - INFO - Salvando nota NFCE - 51211219775656000104650010000200951830267059
2024-01-19 11:03:55,652 - INFO - Salvando nota NFCE - 51211219775656000104650010000200961002504206
2024-01-19 11:03:55,843 - INFO - Salvando nota NFCE - 51220319775656000104650010000200971623231650
2024-01-19 11:03:55,995 - INFO - Salvando nota NFCE - 51211219775656000104650010000200981584392117
2024-01-19 11:03:56,193 - INFO - Salvando nota NFCE - 51211219775656000104650010000200991226882702
2024-01-19 11:03:56,349 - INFO - Salvando nota NFCE - 51211219775656000104650010000201001618138374
2024-01-19 11:03:56,501 - INFO - Salvando nota NFCE - 51220419775656000104650010000201401402695005
2024-01-19 11:03:56,653 - INFO - Salvando nota NFCE - 51220519775656000104650010000201411090547414
2024-01-19 11:03:56,820 - INFO - Salvando nota NFCE - 51220519775656000104650010000201421173966446
2024-01-19 11:03:56,988 - INFO - Salvando nota NFCE - 51220519775656000104650010000201431893147114
2024-01-19 11:03:57,135 - INFO - Salvando nota NFCE - 51220519775656000104650010000201441899823275
2024-01-19 11:03:57,293 - INFO - Salvando nota NFCE - 51220519775656000104650010000201451627326481
2024-01-19 11:03:57,442 - INFO - Salvando nota NFCE - 51220519775656000104650010000201461008263603
2024-01-19 11:03:57,602 - INFO - Salvando nota NFCE - 51211219775656000104650010000201011695237001
2024-01-19 11:03:57,754 - INFO - Salvando nota NFCE - 51220119775656000104650010000201031629237287
2024-01-19 11:03:57,902 - INFO - Salvando nota NFCE - 51211219775656000104650010000201021068864811
2024-01-19 11:03:58,054 - INFO - Salvando nota NFCE - 51220119775656000104650010000201061309950740
2024-01-19 11:03:58,205 - INFO - Salvando nota NFCE - 51220119775656000104650010000201071114498381
2024-01-19 11:03:58,379 - INFO - Salvando nota NFCE - 51220119775656000104650010000201081854617918
2024-01-19 11:03:58,528 - INFO - Salvando nota NFCE - 51220119775656000104650010000201091040054315
2024-01-19 11:03:58,677 - INFO - Salvando nota NFCE - 51220119775656000104650010000201101780655585
2024-01-19 11:03:58,831 - INFO - Salvando nota NFCE - 51220119775656000104650010000201111735346703
2024-01-19 11:03:58,980 - INFO - Salvando nota NFCE - 51220119775656000104650010000201121874416066
2024-01-19 11:03:59,132 - INFO - Salvando nota NFCE - 51220119775656000104650010000201131168662551
2024-01-19 11:03:59,286 - INFO - Salvando nota NFCE - 51220119775656000104650010000201141227258631
2024-01-19 11:03:59,439 - INFO - Salvando nota NFCE - 51220119775656000104650010000201151636735689 ]
2024-01-19 11:03:59,587 - INFO - Salvando nota NFCE - 51220119775656000104650010000201161670395922 ]
2024-01-19 11:03:59,737 - INFO - Salvando nota NFCE - 51220119775656000104650010000201041832572092
2024-01-19 11:03:59,883 - INFO - Salvando nota NFCE - 51220119775656000104650010000201051717044574
2024-01-19 11:04:00,030 - INFO - Salvando nota NFCE - 51220119775656000104650010000201171871454141 ]
2024-01-19 11:04:00,218 - INFO - Salvando nota NFCE - 51220319775656000104650010000201391616073744
2024-01-19 11:04:00,392 - INFO - Salvando nota NFCE - 51220119775656000104650010000201181461793245
2024-01-19 11:04:00,541 - INFO - Salvando nota NFCE - 51220119775656000104650010000201191761151874
2024-01-19 11:04:00,699 - INFO - Salvando nota NFCE - 51220119775656000104650010000201201083753891
2024-01-19 11:04:00,849 - INFO - Salvando nota NFCE - 51220119775656000104650010000201211606298563
2024-01-19 11:04:01,006 - INFO - Salvando nota NFCE - 51220119775656000104650010000201221233428391
2024-01-19 11:04:01,167 - INFO - Salvando nota NFCE - 51220119775656000104650010000201231388619503
2024-01-19 11:04:01,314 - INFO - Salvando nota NFCE - 51220119775656000104650010000201241802711402
2024-01-19 11:04:01,462 - INFO - Salvando nota NFCE - 51220119775656000104650010000201251010259729
2024-01-19 11:04:01,611 - INFO - Salvando nota NFCE - 51220119775656000104650010000201261892852072
2024-01-19 11:04:01,763 - INFO - Salvando nota NFCE - 51220219775656000104650010000201271938260645
2024-01-19 11:04:01,933 - INFO - Salvando nota NFCE - 51220219775656000104650010000201281290180929
2024-01-19 11:04:02,091 - INFO - Salvando nota NFCE - 51220219775656000104650010000201291125842861
2024-01-19 11:04:02,241 - INFO - Salvando nota NFCE - 51220219775656000104650010000201301547004026
2024-01-19 11:04:02,388 - INFO - Salvando nota NFCE - 51220219775656000104650010000201311359166860
2024-01-19 11:04:02,537 - INFO - Salvando nota NFCE - 51220219775656000104650010000201321854404255
2024-01-19 11:04:02,699 - INFO - Salvando nota NFCE - 51220219775656000104650010000201331691614776
2024-01-19 11:04:02,854 - INFO - Salvando nota NFCE - 51220219775656000104650010000201341710085181
2024-01-19 11:04:03,004 - INFO - Salvando nota NFCE - 51220219775656000104650010000201351395428348
2024-01-19 11:04:03,156 - INFO - Salvando nota NFCE - 51220219775656000104650010000201361759177360
2024-01-19 11:04:03,312 - INFO - Salvando nota NFCE - 51220219775656000104650010000201371881241805
2024-01-19 11:04:03,461 - INFO - Salvando nota NFCE - 51220219775656000104650010000201381339455698
2024-01-19 11:04:03,616 - INFO - Salvando nota NFCE - 51220519775656000104650010000201471478998712
2024-01-19 11:04:03,780 - INFO - Salvando nota NFCE - 51220519775656000104650010000201481029368816
2024-01-19 11:04:04,005 - INFO - Salvando nota NFCE - 51220519775656000104650010000201491276247133
2024-01-19 11:04:04,173 - INFO - Salvando nota NFCE - 51220519775656000104650010000201501884177957
2024-01-19 11:04:04,330 - INFO - Salvando nota NFCE - 51220519775656000104650010000201511560211146
2024-01-19 11:04:04,569 - INFO - Salvando nota NFCE - 51220519775656000104650010000201521792044734
2024-01-19 11:04:04,731 - INFO - Salvando nota NFCE - 51220619775656000104650010000201531166161761
2024-01-19 11:04:04,894 - INFO - Salvando nota NFCE - 51220619775656000104650010000201561794661997
2024-01-19 11:04:05,056 - INFO - Salvando nota NFCE - 51220619775656000104650010000201571768491866
2024-01-19 11:04:05,217 - INFO - Salvando nota NFCE - 51220619775656000104650010000201581005027610
2024-01-19 11:04:05,373 - INFO - Salvando nota NFCE - 51220619775656000104650010000201591853748471
2024-01-19 11:04:05,551 - INFO - Salvando nota NFCE - 51220619775656000104650010000201541039370075
2024-01-19 11:04:05,712 - INFO - Salvando nota NFCE - 51220619775656000104650010000201551403318256
2024-01-19 11:04:05,864 - INFO - Salvando nota NFCE - 51220619775656000104650010000201601909700712
2024-01-19 11:04:06,015 - INFO - Salvando nota NFCE - 51220619775656000104650010000201611719559315
2024-01-19 11:04:06,175 - INFO - Salvando nota NFCE - 51220619775656000104650010000201621771548806
2024-01-19 11:04:06,364 - INFO - Salvando nota NFCE - 51220619775656000104650010000201631415694195
2024-01-19 11:04:06,517 - INFO - Salvando nota NFCE - 51220619775656000104650010000201641624566421
2024-01-19 11:04:06,673 - INFO - Salvando nota NFCE - 51220619775656000104650010000201651249312962
2024-01-19 11:04:06,820 - INFO - Salvando nota NFCE - 51220619775656000104650010000201671379878723
2024-01-19 11:04:06,967 - INFO - Salvando nota NFCE - 51220619775656000104650010000201681791572340
2024-01-19 11:04:07,130 - INFO - Salvando nota NFCE - 51220619775656000104650010000201711288167240
2024-01-19 11:04:07,332 - INFO - Salvando nota NFCE - 51220619775656000104650010000201721848688638
2024-01-19 11:04:07,501 - INFO - Salvando nota NFCE - 51220619775656000104650010000201731213085062
2024-01-19 11:04:07,653 - INFO - Salvando nota NFCE - 51220619775656000104650010000201691423283755
2024-01-19 11:04:07,809 - INFO - Salvando nota NFCE - 51220619775656000104650010000201741612229570
2024-01-19 11:04:07,956 - INFO - Salvando nota NFCE - 51220619775656000104650010000201761653886278
2024-01-19 11:04:08,109 - INFO - Salvando nota NFCE - 51220619775656000104650010000201771641543718
2024-01-19 11:04:08,281 - INFO - Salvando nota NFCE - 51220619775656000104650010000201781930322041
2024-01-19 11:04:08,458 - INFO - Salvando nota NFCE - 51220719775656000104650010000201791859048001
2024-01-19 11:04:08,621 - INFO - Salvando nota NFCE - 51220719775656000104650010000201801137798790
2024-01-19 11:04:08,765 - INFO - Salvando nota NFCE - 51220719775656000104650010000201821257377770
2024-01-19 11:04:08,919 - INFO - Salvando nota NFCE - 51220719775656000104650010000201841751087529
2024-01-19 11:04:09,082 - INFO - Salvando nota NFCE - 51220719775656000104650010000201871561540194
2024-01-19 11:04:09,234 - INFO - Salvando nota NFCE - 51220719775656000104650010000201881938042994
2024-01-19 11:04:09,432 - INFO - Salvando nota NFCE - 51220719775656000104650010000201891044671460
2024-01-19 11:04:09,614 - INFO - Salvando nota NFCE - 51220719775656000104650010000201921612960926
2024-01-19 11:04:09,799 - INFO - Salvando nota NFCE - 51220719775656000104650010000201951213454824
2024-01-19 11:04:09,958 - INFO - Salvando nota NFCE - 51220719775656000104650010000201961258153901
2024-01-19 11:04:10,109 - INFO - Salvando nota NFCE - 51220719775656000104650010000201971913615434
2024-01-19 11:04:10,263 - INFO - Salvando nota NFCE - 51220819775656000104650010000202011555754514
2024-01-19 11:04:10,417 - INFO - Salvando nota NFCE - 51220819775656000104650010000202021009124722
2024-01-19 11:04:10,574 - INFO - Salvando nota NFCE - 51220819775656000104650010000202031964802331
2024-01-19 11:04:10,724 - INFO - Salvando nota NFCE - 51220819775656000104650010000202041713736424 ]
2024-01-19 11:04:10,891 - INFO - Salvando nota NFCE - 51220819775656000104650010000202051378556358
2024-01-19 11:04:11,041 - INFO - Salvando nota NFCE - 51220819775656000104650010000202061365747165
2024-01-19 11:04:11,188 - INFO - Salvando nota NFCE - 51220819775656000104650010000202071991890091
2024-01-19 11:04:11,338 - INFO - Salvando nota NFCE - 51220819775656000104650010000202081874038876
2024-01-19 11:04:11,494 - INFO - Salvando nota NFCE - 51221219775656000104650010000202091894637285
2024-01-19 11:04:11,656 - INFO - Salvando nota NFCE - 51221219775656000104650010000202101654285407
2024-01-19 11:04:11,814 - INFO - Salvando nota NFCE - 51220719775656000104650010000201861611787565
2024-01-19 11:04:11,964 - INFO - Salvando nota NFCE - 51220719775656000104650010000201981428426231
2024-01-19 11:04:12,121 - INFO - Salvando nota NFCE - 51220719775656000104650010000201991004570863
2024-01-19 11:04:12,269 - INFO - Salvando nota NFCE - 51220919775656000104650010000202111463030633
2024-01-19 11:04:12,430 - INFO - Salvando nota NFCE - 51221219775656000104650010000202131613724483
2024-01-19 11:04:12,578 - INFO - Salvando nota NFCE - 51220919775656000104650010000202121888370750
2024-01-19 11:04:12,725 - INFO - Salvando nota NFCE - 51221219775656000104650010000202191221478280
2024-01-19 11:04:12,875 - INFO - Salvando nota NFCE - 51221219775656000104650010000202201990213692
2024-01-19 11:04:13,035 - INFO - Salvando nota NFCE - 51221219775656000104650010000202211851882088
2024-01-19 11:04:13,181 - INFO - Salvando nota NFCE - 51221219775656000104650010000202221837338764
2024-01-19 11:04:13,337 - INFO - Salvando nota NFCE - 51230719775656000104650010000202241696759671
2024-01-19 11:04:13,495 - INFO - Salvando nota NFCE - 51230719775656000104650010000202251208908718
2024-01-19 11:04:13,644 - INFO - Salvando nota NFCE - 51230719775656000104650010000202261384689176
2024-01-19 11:04:13,801 - INFO - Salvando nota NFCE - 51230719775656000104650010000202321506258341
2024-01-19 11:04:13,948 - INFO - Salvando nota NFCE - 51230719775656000104650010000202351450738302
2024-01-19 11:04:14,101 - INFO - Salvando nota NFCE - 51230719775656000104650010000202371728776230
2024-01-19 11:04:14,253 - INFO - Salvando nota NFCE - 51230919775656000104650010000202381526154232
2024-01-19 11:04:14,404 - INFO - Salvando nota NFCE - 51231119775656000104650010000202481006830691
2024-01-19 11:04:14,558 - INFO - Salvando nota NFCE - 51231119775656000104650010000202491682607262
2024-01-19 11:04:14,707 - INFO - Salvando nota NFCE - 51231119775656000104650010000202521862573205
2024-01-19 11:04:14,856 - INFO - Salvando nota NFCE - 51231119775656000104650010000202531328965285
2024-01-19 11:04:15,020 - INFO - Salvando nota NFCE - 51231119775656000104650010000202541406360665
2024-01-19 11:04:15,021 - INFO - Inicia select COMPRAS- xmlcontador
2024-01-19 11:04:15,576 - INFO - Salvando nota COMP - 32210605570714000825550010109463061235944449
2024-01-19 11:04:15,748 - INFO - Salvando nota COMP - 32210605570714000825550010110124021236875771
2024-01-19 11:04:15,899 - INFO - Salvando nota COMP - 35210627627303000195550010000012421122046200
2024-01-19 11:04:16,041 - INFO - Salvando nota COMP - 32210626658749000114550010000055881586513558
2024-01-19 11:04:16,211 - INFO - Salvando nota COMP - 43210708289097000106550010004662041100155409
2024-01-19 11:04:16,372 - INFO - Salvando nota COMP - 51210701426365000145550030001833261021833269
2024-01-19 11:04:16,520 - INFO - Salvando nota COMP - 43210508289097000106550010004505211100100735
2024-01-19 11:04:16,684 - INFO - Salvando nota COMP - 50210630816301000159550010000024551100024558
2024-01-19 11:04:16,849 - INFO - Salvando nota COMP - 51210601426365000145550030001771811081771814
2024-01-19 11:04:16,998 - INFO - 1064 (42000): You have an error in your SQL syntax; check the manual that corresponds to your MySQL server version for the right syntax to use near '/xProd><NCM>85285220</NCM><CEST>2106800</CEST><CFOP>6404</CFOP><uCom>UN</uCom><q' at line 5
2024-01-19 11:04:17,166 - INFO - Salvando nota COMP - 43210308289097000106550010004124301100242409
2024-01-19 11:04:17,317 - INFO - Salvando nota COMP - 51210819775656000104550010000000721121656783
2024-01-19 11:04:17,472 - INFO - Salvando nota COMP - 51210819775656000104550010000000711342180679
2024-01-19 11:04:17,629 - INFO - Salvando nota COMP - 52210701008713004909550120017779671541657304
2024-01-19 11:04:17,783 - INFO - Salvando nota COMP - 51210911550797000117550010000013031281985330
2024-01-19 11:04:17,939 - INFO - Salvando nota COMP - 51210911550797000117550010000013061118294563
2024-01-19 11:04:18,088 - INFO - Salvando nota COMP - 42210911027350000320550010000178031197840679
2024-01-19 11:04:18,243 - INFO - Salvando nota COMP - 51201034061496000125550010000002371506544671
2024-01-19 11:04:18,398 - INFO - Salvando nota COMP - 51201034061496000125550010000002491263153436
2024-01-19 11:04:18,543 - INFO - Salvando nota COMP - 51211109633228000193550010000002501386288810
2024-01-19 11:04:18,698 - INFO - Salvando nota COMP - 51211234152205000104550010000001051856943726
2024-01-19 11:04:18,847 - INFO - Salvando nota COMP - 51211234152205000104550010000001061193383261
2024-01-19 11:04:19,000 - INFO - Salvando nota COMP - 51211234152205000104550010000001101651141741
2024-01-19 11:04:19,147 - INFO - Salvando nota COMP - 51211234152205000104550010000001091979354787
2024-01-19 11:04:19,297 - INFO - Salvando nota COMP - 51211234152205000104550010000001071709768410
2024-01-19 11:04:19,452 - INFO - Salvando nota COMP - 51220119775656000104550010000200831446648299
2024-01-19 11:04:19,600 - INFO - Salvando nota COMP - 51220434061496000125550010000006221728631265
2024-01-19 11:04:19,752 - INFO - Salvando nota COMP - 51220434061496000125550010000006211534868491
2024-01-19 11:04:19,914 - INFO - Salvando nota COMP - 51220419775656000104550010000000901658809200
2024-01-19 11:04:20,062 - INFO - Salvando nota COMP - 51220419775656000104550010000000911984555060
2024-01-19 11:04:20,226 - INFO - Salvando nota COMP - 51220404080116000139550010000028201334602220
2024-01-19 11:04:20,372 - INFO - Salvando nota COMP - 51220404080116000139550010000028221444390841
2024-01-19 11:04:20,519 - INFO - Salvando nota COMP - 51220404080116000139550010000028221444390841
2024-01-19 11:04:20,670 - INFO - Salvando nota COMP - 51220404080116000139550010000028221444390841
2024-01-19 11:04:20,817 - INFO - Salvando nota COMP - 51220519775656000104550010000201031196001616
2024-01-19 11:04:20,969 - INFO - Salvando nota COMP - 51220519775656000104550010000201051003130928
2024-01-19 11:04:21,136 - INFO - Salvando nota COMP - 51220519775656000104550010000201061463527772
2024-01-19 11:04:21,287 - INFO - Salvando nota COMP - 51220541490496000106550010000006941063832983
2024-01-19 11:04:21,433 - INFO - Salvando nota COMP - 51220519775656000104550010000201181498143696
2024-01-19 11:04:21,593 - INFO - Salvando nota COMP - 51220519775656000104550010000201191749419538
2024-01-19 11:04:21,744 - INFO - Salvando nota COMP - 51220519775656000104550010000201191749419538
2024-01-19 11:04:21,899 - INFO - Salvando nota COMP - 32220516590234002543550000061247301909177240
2024-01-19 11:04:22,051 - INFO - Salvando nota COMP - 51220519775656000104550010000201191749419538
2024-01-19 11:04:22,199 - INFO - Salvando nota COMP - 51220619874630000113550010000002271431726795
2024-01-19 11:04:22,352 - INFO - Salvando nota COMP - 51220619874630000113550010000002311421320829
2024-01-19 11:04:22,505 - INFO - Salvando nota COMP - 51220619874630000113550010000002301178369123
2024-01-19 11:04:22,654 - INFO - Salvando nota COMP - 51220619874630000113550010000002281359601062
2024-01-19 11:04:22,812 - INFO - Salvando nota COMP - 51220634152205000104550010000001281975896576
2024-01-19 11:04:22,976 - INFO - Salvando nota COMP - 51220638377700000172550010000000831153958117
2024-01-19 11:04:23,132 - INFO - Salvando nota COMP - 51220731574991000140550010000004601851876617
2024-01-19 11:04:23,281 - INFO - Salvando nota COMP - 51220731574991000140550010000004621085869389
2024-01-19 11:04:23,435 - INFO - Salvando nota COMP - 51220731574991000140550010000004631821191006
2024-01-19 11:04:23,589 - INFO - Salvando nota COMP - 51220731574991000140550010000004641418146968
2024-01-19 11:04:23,767 - INFO - Salvando nota COMP - 51220623805710000194550010000004181461115969
2024-01-19 11:04:23,960 - INFO - Salvando nota COMP - 51220623805710000194550010000004191822604223
2024-01-19 11:04:24,108 - INFO - Salvando nota COMP - 51220623805710000194550010000004201972522541
2024-01-19 11:04:24,261 - INFO - Salvando nota COMP - 51220807294117000255550010000000271784044912
2024-01-19 11:04:24,417 - INFO - Salvando nota COMP - 51220830649038000150550010000027281225556670
2024-01-19 11:04:24,567 - INFO - Salvando nota COMP - 51221026794097000145550010000018021346692193
2024-01-19 11:04:24,714 - INFO - Salvando nota COMP - 51221134061496000125550010000007111524213663
2024-01-19 11:04:25,584 - INFO - Salvando nota COMP - 51221134061496000125550010000007111524213663
2024-01-19 11:04:25,800 - INFO - Salvando nota COMP - 51221134061496000125550010000007111524213663
2024-01-19 11:04:25,950 - INFO - Salvando nota COMP - 51221208321758000133650010000159861234469516
2024-01-19 11:04:26,102 - INFO - Salvando nota COMP - 51230226794097000145550010000021541784523600
2024-01-19 11:04:26,251 - INFO - Salvando nota COMP - 51230226794097000145550010000021581657011811
2024-01-19 11:04:26,406 - INFO - Salvando nota COMP - 51230324144104000138550010000006411329202613
2024-01-19 11:04:26,555 - INFO - Salvando nota COMP - 51230747667153000150550010000001931327697323
2024-01-19 11:04:26,704 - INFO - Salvando nota COMP - 51230700070600058115559200000003601019112391
2024-01-19 11:04:27,174 - INFO - Inicia select das notas - xmlcontador
2024-01-19 11:15:35,093 - INFO - Carrega configuraes da thread - xmlcontador
2024-01-19 17:19:39,923 - INFO - Carrega configuraes da thread - xmlcontador
2024-01-19 17:20:39,958 - INFO - pega dados local - xmlcontador
2024-01-19 17:22:39,976 - INFO - pega dados local - xmlcontador
2024-01-19 17:30:37,089 - INFO - Carrega configuraes da thread - xmlcontador
2024-01-19 17:31:37,164 - INFO - pega dados local - xmlcontador
2024-01-19 17:34:11,498 - INFO - Carrega configuraes da thread - xmlcontador
2024-01-19 17:34:16,510 - INFO - pega dados local - xmlcontador
2024-01-19 17:34:33,473 - INFO - Inicia select das notas - xmlcontador
2024-01-19 17:34:38,565 - INFO - pega dados local - xmlcontador
2024-01-22 09:42:55,839 - INFO - Carrega configuraes da thread - xmlcontador
2024-01-22 09:43:00,853 - INFO - pega dados local - xmlcontador
2024-01-22 09:43:01,532 - INFO - Inicia select das notas - xmlcontador
2024-01-22 09:43:01,786 - INFO - Inicia select contador - xmlcontador
2024-01-22 09:43:01,924 - INFO - Inicia select MDFE- xmlcontador
2024-01-22 09:43:01,944 - INFO - Inicia select NFE- xmlcontador
2024-01-22 09:43:02,024 - INFO - ('Error while preparing SQL statement:\n- SQLCODE: -206\n- Dynamic SQL Error\n- SQL error code = -206\n- Column unknown\n- {DIAS_BUSCA_NOTA}\n- At line 1, column 175', -206, 335544569)
2024-01-22 09:43:07,040 - INFO - pega dados local - xmlcontador
2024-01-22 09:43:07,556 - INFO - Inicia select das notas - xmlcontador
2024-01-22 09:43:07,743 - INFO - Inicia select contador - xmlcontador
2024-01-22 09:43:07,865 - INFO - Inicia select MDFE- xmlcontador
2024-01-22 09:43:07,871 - INFO - Inicia select NFE- xmlcontador
2024-01-22 09:43:07,932 - INFO - ('Error while preparing SQL statement:\n- SQLCODE: -206\n- Dynamic SQL Error\n- SQL error code = -206\n- Column unknown\n- {DIAS_BUSCA_NOTA}\n- At line 1, column 175', -206, 335544569)
2024-01-22 09:43:54,995 - INFO - Carrega configuraes da thread - xmlcontador
2024-01-22 09:44:00,011 - INFO - pega dados local - xmlcontador
2024-01-22 09:44:00,713 - INFO - Inicia select das notas - xmlcontador
2024-01-22 09:44:00,976 - INFO - Inicia select contador - xmlcontador
2024-01-22 09:44:01,120 - INFO - Inicia select MDFE- xmlcontador
2024-01-22 09:44:01,125 - INFO - Inicia select NFE- xmlcontador
2024-01-22 09:44:01,333 - INFO - Salvando nota NFE - 51231219775656000104550010000202541484854779
2024-01-22 09:44:01,480 - INFO - Salvando nota NFE - 51231219775656000104550010000202551627612070
2024-01-22 09:44:01,649 - INFO - Salvando nota NFE - 51231219775656000104550010000202561349269132
2024-01-22 09:44:01,651 - INFO - Inicia select NFCE- xmlcontador
2024-01-22 09:44:01,694 - INFO - Inicia select COMPRAS- xmlcontador
